2020-07-24 10:01:25,801 10323 ERROR                           at.lcm.x2c.core.librarymanager.X2cLibrary 149 updateJavaClasspath - Library's jar file not found: >C:\LCM\X2C\v6.2.1941\Library\Basic\Conversion\Java\Basic.jar< (asuming classes are provided in an other way, e.g. bin dir)
2020-07-24 10:01:32,063 16585 ERROR                           at.lcm.x2c.core.librarymanager.X2cLibrary 149 updateJavaClasspath - Library's jar file not found: >C:\LCM\X2C\v6.2.1941\Library\MCHP\Conversion\Java\MCHP.jar< (asuming classes are provided in an other way, e.g. bin dir)
2020-07-24 10:01:32,431 16953 ERROR                           at.lcm.x2c.core.librarymanager.X2cLibrary 149 updateJavaClasspath - Library's jar file not found: >C:\LCM\X2C\v6.2.1941\Library\Basic\Conversion\Java\Basic.jar< (asuming classes are provided in an other way, e.g. bin dir)
2020-07-24 10:01:36,814 21336 ERROR                           at.lcm.x2c.core.librarymanager.X2cLibrary 149 updateJavaClasspath - Library's jar file not found: >C:\LCM\X2C\v6.2.1941\Library\MCHP\Conversion\Java\MCHP.jar< (asuming classes are provided in an other way, e.g. bin dir)
2020-07-24 10:01:38,337 22859 WARN                            at.lcm.x2c.scilab.xcos.x2cManager.X2cManager 352 getBlockWithDummyModel - sampletimePreset not set: using default: 0.0010  %% BEMF_MCHP (BEMF_MCHP)
2020-07-24 10:01:38,555 23077 WARN                            at.lcm.x2c.scilab.xcos.x2cManager.X2cManager 352 getBlockWithDummyModel - sampletimePreset not set: using default: 0.0010  %% Clarke_inv_MCHP (Clarke_inv_MCHP)
2020-07-24 10:01:38,628 23150 WARN                            at.lcm.x2c.scilab.xcos.x2cManager.X2cManager 352 getBlockWithDummyModel - sampletimePreset not set: using default: 0.0010  %% Clarke_MCHP (Clarke_MCHP)
2020-07-24 10:01:38,714 23236 WARN                            at.lcm.x2c.scilab.xcos.x2cManager.X2cManager 352 getBlockWithDummyModel - sampletimePreset not set: using default: 0.0010  %% Clarke_Park_MCHP (Clarke_Park_MCHP)
2020-07-24 10:01:38,797 23319 WARN                            at.lcm.x2c.scilab.xcos.x2cManager.X2cManager 352 getBlockWithDummyModel - sampletimePreset not set: using default: 0.0010  %% Park_Clarke_inv_SVM_MCHP (Park_Clarke_inv_SVM_MCHP)
2020-07-24 10:01:38,896 23418 WARN                            at.lcm.x2c.scilab.xcos.x2cManager.X2cManager 352 getBlockWithDummyModel - sampletimePreset not set: using default: 0.0010  %% Park_inv_MCHP (Park_inv_MCHP)
2020-07-24 10:01:38,990 23512 WARN                            at.lcm.x2c.scilab.xcos.x2cManager.X2cManager 352 getBlockWithDummyModel - sampletimePreset not set: using default: 0.0010  %% Park_MCHP (Park_MCHP)
2020-07-24 10:01:39,083 23605 WARN                            at.lcm.x2c.scilab.xcos.x2cManager.X2cManager 352 getBlockWithDummyModel - sampletimePreset not set: using default: 0.0010  %% SVM_MCHP (SVM_MCHP)
2020-07-24 10:01:39,193 23715 WARN                            at.lcm.x2c.scilab.xcos.x2cManager.X2cManager 352 getBlockWithDummyModel - sampletimePreset not set: using default: 0.0010  %% SVM_MCHP (SVM_MCHP)
2020-07-24 10:01:39,873 24395 WARN                            at.lcm.x2c.scilab.xcos.x2cManager.X2cManager 352 getBlockWithDummyModel - sampletimePreset not set: using default: 0.0010  %% Park_MCHP (Park_MCHP)
2020-07-24 10:01:40,088 24610 WARN                            at.lcm.x2c.scilab.xcos.x2cManager.X2cManager 352 getBlockWithDummyModel - sampletimePreset not set: using default: 0.0010  %% Park_inv_MCHP (Park_inv_MCHP)
2020-07-24 10:01:40,283 24805 WARN                            at.lcm.x2c.scilab.xcos.x2cManager.X2cManager 352 getBlockWithDummyModel - sampletimePreset not set: using default: 0.0010  %% Park_Clarke_inv_SVM_MCHP (Park_Clarke_inv_SVM_MCHP)
2020-07-24 10:01:40,538 25060 WARN                            at.lcm.x2c.scilab.xcos.x2cManager.X2cManager 352 getBlockWithDummyModel - sampletimePreset not set: using default: 0.0010  %% Clarke_Park_MCHP (Clarke_Park_MCHP)
2020-07-24 10:01:40,769 25291 WARN                            at.lcm.x2c.scilab.xcos.x2cManager.X2cManager 352 getBlockWithDummyModel - sampletimePreset not set: using default: 0.0010  %% Clarke_MCHP (Clarke_MCHP)
2020-07-24 10:01:40,927 25449 WARN                            at.lcm.x2c.scilab.xcos.x2cManager.X2cManager 352 getBlockWithDummyModel - sampletimePreset not set: using default: 0.0010  %% Clarke_inv_MCHP (Clarke_inv_MCHP)
2020-07-24 10:01:41,092 25614 WARN                            at.lcm.x2c.scilab.xcos.x2cManager.X2cManager 352 getBlockWithDummyModel - sampletimePreset not set: using default: 0.0010  %% BEMF_MCHP (BEMF_MCHP)
2020-07-24 21:57:37,816 42982338 WARN                            at.lcm.x2c.scilab.xcos.x2cManager.X2cManager 352 getBlockWithDummyModel - sampletimePreset not set: using default: 0.0010  %% uI (uI)
2020-07-24 21:57:46,569 42991091 WARN                            at.lcm.x2c.scilab.xcos.x2cManager.X2cManager 352 getBlockWithDummyModel - sampletimePreset not set: using default: 0.0010  %% uI (uI)
2020-07-24 21:57:47,057 42991579 ERROR                           at.lcm.x2c.parameterEditor.X2cParameterEditorGUI 798 updateBlock_blockLabel - block label is null or empty; change is ignored
2020-07-24 22:01:32,126 43216648 WARN                            at.lcm.x2c.parameterEditor.X2cParameterEditorGUI$7 512 actionPerformed - Change in model, communicator and target are not reseted! Only the change in the Xcos model/diagram is cancelled
2020-07-24 22:03:05,918 43310440 WARN                            at.lcm.x2c.scilab.xcos.x2cManager.X2cManager 352 getBlockWithDummyModel - sampletimePreset not set: using default: 0.0010  %% uI (uI)
2020-07-24 22:03:05,918 43310440 WARN                            at.lcm.x2c.core.environment.X2cEnvironment_Scilab 203 evaluateExpression - expression is not a valid: >speed2elAngle<
2020-07-24 22:03:05,918 43310440 ERROR      THROWING[ EXCEPTION ] at.lcm.x2c.core.environment.X2cEnvironment_Scilab 204 evaluateExpression - throwing at.lcm.x2c.core.environment.X2cEnvironmentException: expression is not a valid: >speed2elAngle<
	at at.lcm.x2c.core.environment.X2cEnvironment_Scilab.evaluateExpression(X2cEnvironment_Scilab.java:202) [X2cScilab.jar:jenkins-X2C-free-496 r1941 -- 496]
	at at.lcm.x2c.core.X2cBlockParameterSimple.eval(X2cBlockParameterSimple.java:169) [X2cScilab.jar:jenkins-X2C-free-496 r1941 -- 496]
	at at.lcm.x2c.core.X2cBlock.evaluateParameters(X2cBlock.java:436) [X2cScilab.jar:jenkins-X2C-free-496 r1941 -- 496]
	at at.lcm.x2c.scilab.xcos.x2cManager.X2cManager.getBlock(X2cManager.java:279) [X2cScilab.jar:jenkins-X2C-free-496 r1941 -- 496]
	at at.lcm.x2c.scilab.xcos.x2cManager.X2cManager.getBlock(X2cManager.java:219) [X2cScilab.jar:jenkins-X2C-free-496 r1941 -- 496]
	at at.lcm.x2c.parameterEditor.X2cParameterEditor_Xcos.<init>(X2cParameterEditor_Xcos.java:70) [X2cScilab.jar:jenkins-X2C-free-496 r1941 -- 496]
	at sun.reflect.NativeConstructorAccessorImpl.newInstance0(Native Method) ~[?:1.6.0_41]
	at sun.reflect.NativeConstructorAccessorImpl.newInstance(NativeConstructorAccessorImpl.java:39) [?:1.6.0_41]
	at sun.reflect.DelegatingConstructorAccessorImpl.newInstance(DelegatingConstructorAccessorImpl.java:27) [?:1.6.0_41]
	at java.lang.reflect.Constructor.newInstance(Constructor.java:513) [?:1.6.0_41]
	at org.scilab.modules.external_objects_java.ScilabJavaConstructor.invoke(Unknown Source) [org.scilab.modules.external_objects_java.jar:20150331 1152]
	at org.scilab.modules.external_objects_java.ScilabJavaClass.newInstance(Unknown Source) [org.scilab.modules.external_objects_java.jar:20150331 1152]

2020-07-24 22:03:05,933 43310455 ERROR                           at.lcm.x2c.core.X2cBlock 442 evaluateParameters - Parameter [name=Ki, paramValue=null, value=, expression=speed2elAngle, format=<SpinnerDoubleAdd fractionDigits="3" valueBase="" valueLimitLower="" valueLimitUpper="" step="0.0010"></SpinnerDoubleAdd>]
2020-07-24 22:03:05,964 43310486 ERROR                           at.lcm.x2c.parameterEditor.X2cParameterEditorGUI 798 updateBlock_blockLabel - block label is null or empty; change is ignored
2020-07-24 22:03:05,980 43310502 WARN                            at.lcm.x2c.core.environment.X2cEnvironment_Scilab 203 evaluateExpression - expression is not a valid: >speed2elAngle<
2020-07-24 22:03:05,980 43310502 ERROR      THROWING[ EXCEPTION ] at.lcm.x2c.core.environment.X2cEnvironment_Scilab 204 evaluateExpression - throwing at.lcm.x2c.core.environment.X2cEnvironmentException: expression is not a valid: >speed2elAngle<
	at at.lcm.x2c.core.environment.X2cEnvironment_Scilab.evaluateExpression(X2cEnvironment_Scilab.java:202) [X2cScilab.jar:jenkins-X2C-free-496 r1941 -- 496]
	at at.lcm.x2c.core.X2cBlockParameterSimple.eval(X2cBlockParameterSimple.java:169) [X2cScilab.jar:jenkins-X2C-free-496 r1941 -- 496]
	at at.lcm.x2c.parameterEditor.X2cParameterWidgetBlockParam_Double.updateParameter(X2cParameterWidgetBlockParam_Double.java:209) [X2cScilab.jar:jenkins-X2C-free-496 r1941 -- 496]
	at at.lcm.x2c.parameterEditor.X2cParameterWidgetBlockParam_Double.updateForceStatus(X2cParameterWidgetBlockParam_Double.java:186) [X2cScilab.jar:jenkins-X2C-free-496 r1941 -- 496]
	at at.lcm.x2c.parameterEditor.X2cParameterWidgetBlockParam_Double.updateForceStatus(X2cParameterWidgetBlockParam_Double.java:174) [X2cScilab.jar:jenkins-X2C-free-496 r1941 -- 496]
	at at.lcm.x2c.parameterEditor.X2cParameterWidgetBlockParam_Double.<init>(X2cParameterWidgetBlockParam_Double.java:163) [X2cScilab.jar:jenkins-X2C-free-496 r1941 -- 496]
	at at.lcm.x2c.parameterEditor.X2cParameterEditorGUI.fillGUIFields_BlockParameter(X2cParameterEditorGUI.java:603) [X2cScilab.jar:jenkins-X2C-free-496 r1941 -- 496]
	at at.lcm.x2c.parameterEditor.X2cParameterEditorGUI.fillGUIFields(X2cParameterEditorGUI.java:586) [X2cScilab.jar:jenkins-X2C-free-496 r1941 -- 496]
	at at.lcm.x2c.parameterEditor.X2cParameterEditorGUI.setParameterEditor(X2cParameterEditorGUI.java:256) [X2cScilab.jar:jenkins-X2C-free-496 r1941 -- 496]
	at at.lcm.x2c.parameterEditor.X2cParameterEditorGUI.getNewInstance(X2cParameterEditorGUI.java:239) [X2cScilab.jar:jenkins-X2C-free-496 r1941 -- 496]
	at at.lcm.x2c.parameterEditor.X2cParameterEditor.runGUI(X2cParameterEditor.java:75) [X2cScilab.jar:jenkins-X2C-free-496 r1941 -- 496]
	at sun.reflect.NativeMethodAccessorImpl.invoke0(Native Method) ~[?:1.6.0_41]
	at sun.reflect.NativeMethodAccessorImpl.invoke(NativeMethodAccessorImpl.java:39) ~[?:1.6.0_41]
	at sun.reflect.DelegatingMethodAccessorImpl.invoke(DelegatingMethodAccessorImpl.java:25) ~[?:1.6.0_41]
	at java.lang.reflect.Method.invoke(Method.java:597) ~[?:1.6.0_41]
	at org.scilab.modules.external_objects_java.ScilabJavaMethod.call(Unknown Source) [org.scilab.modules.external_objects_java.jar:20150331 1152]
	at org.scilab.modules.external_objects_java.ScilabJavaMethod.invoke(Unknown Source) [org.scilab.modules.external_objects_java.jar:20150331 1152]
	at org.scilab.modules.external_objects_java.ScilabJavaObject.invoke(Unknown Source) [org.scilab.modules.external_objects_java.jar:20150331 1152]

2020-07-24 22:03:05,980 43310502 ERROR      CATCHING[ EXCEPTION ] at.lcm.x2c.parameterEditor.X2cParameterWidgetBlockParam_Double 229 updateParameter - catching java.lang.NullPointerException
	at at.lcm.bu21.general.dtypes.TNumeric.fromString(TNumeric.java:378) ~[general.jar:?]
	at at.lcm.bu21.general.dtypes.TNumeric.<init>(TNumeric.java:365) ~[general.jar:?]
	at at.lcm.x2c.core.structure.MaskDouble.setValue(MaskDouble.java:96) ~[Core.jar:jenkins-X2C-free-496 r1941 -- 496]
	at at.lcm.x2c.core.structure.MaskParameter.setValue(MaskParameter.java:232) ~[Core.jar:jenkins-X2C-free-496 r1941 -- 496]
	at at.lcm.x2c.parameterEditor.X2cParameterWidgetBlockParam_Double.updateParameter(X2cParameterWidgetBlockParam_Double.java:226) [X2cScilab.jar:jenkins-X2C-free-496 r1941 -- 496]
	at at.lcm.x2c.parameterEditor.X2cParameterWidgetBlockParam_Double.updateForceStatus(X2cParameterWidgetBlockParam_Double.java:186) [X2cScilab.jar:jenkins-X2C-free-496 r1941 -- 496]
	at at.lcm.x2c.parameterEditor.X2cParameterWidgetBlockParam_Double.updateForceStatus(X2cParameterWidgetBlockParam_Double.java:174) [X2cScilab.jar:jenkins-X2C-free-496 r1941 -- 496]
	at at.lcm.x2c.parameterEditor.X2cParameterWidgetBlockParam_Double.<init>(X2cParameterWidgetBlockParam_Double.java:163) [X2cScilab.jar:jenkins-X2C-free-496 r1941 -- 496]
	at at.lcm.x2c.parameterEditor.X2cParameterEditorGUI.fillGUIFields_BlockParameter(X2cParameterEditorGUI.java:603) [X2cScilab.jar:jenkins-X2C-free-496 r1941 -- 496]
	at at.lcm.x2c.parameterEditor.X2cParameterEditorGUI.fillGUIFields(X2cParameterEditorGUI.java:586) [X2cScilab.jar:jenkins-X2C-free-496 r1941 -- 496]
	at at.lcm.x2c.parameterEditor.X2cParameterEditorGUI.setParameterEditor(X2cParameterEditorGUI.java:256) [X2cScilab.jar:jenkins-X2C-free-496 r1941 -- 496]
	at at.lcm.x2c.parameterEditor.X2cParameterEditorGUI.getNewInstance(X2cParameterEditorGUI.java:239) [X2cScilab.jar:jenkins-X2C-free-496 r1941 -- 496]
	at at.lcm.x2c.parameterEditor.X2cParameterEditor.runGUI(X2cParameterEditor.java:75) [X2cScilab.jar:jenkins-X2C-free-496 r1941 -- 496]
	at sun.reflect.NativeMethodAccessorImpl.invoke0(Native Method) ~[?:1.6.0_41]
	at sun.reflect.NativeMethodAccessorImpl.invoke(NativeMethodAccessorImpl.java:39) ~[?:1.6.0_41]
	at sun.reflect.DelegatingMethodAccessorImpl.invoke(DelegatingMethodAccessorImpl.java:25) ~[?:1.6.0_41]
	at java.lang.reflect.Method.invoke(Method.java:597) ~[?:1.6.0_41]
	at org.scilab.modules.external_objects_java.ScilabJavaMethod.call(Unknown Source) [org.scilab.modules.external_objects_java.jar:20150331 1152]
	at org.scilab.modules.external_objects_java.ScilabJavaMethod.invoke(Unknown Source) [org.scilab.modules.external_objects_java.jar:20150331 1152]
	at org.scilab.modules.external_objects_java.ScilabJavaObject.invoke(Unknown Source) [org.scilab.modules.external_objects_java.jar:20150331 1152]

2020-07-24 22:03:05,980 43310502 WARN                            at.lcm.x2c.core.environment.X2cEnvironment_Scilab 203 evaluateExpression - expression is not a valid: >speed2elAngle<
2020-07-24 22:03:05,980 43310502 ERROR      THROWING[ EXCEPTION ] at.lcm.x2c.core.environment.X2cEnvironment_Scilab 204 evaluateExpression - throwing at.lcm.x2c.core.environment.X2cEnvironmentException: expression is not a valid: >speed2elAngle<
	at at.lcm.x2c.core.environment.X2cEnvironment_Scilab.evaluateExpression(X2cEnvironment_Scilab.java:202) [X2cScilab.jar:jenkins-X2C-free-496 r1941 -- 496]
	at at.lcm.x2c.core.X2cBlockParameterSimple.eval(X2cBlockParameterSimple.java:169) [X2cScilab.jar:jenkins-X2C-free-496 r1941 -- 496]
	at at.lcm.x2c.parameterEditor.X2cParameterWidgetBlockParam_Double.updateParameter(X2cParameterWidgetBlockParam_Double.java:209) [X2cScilab.jar:jenkins-X2C-free-496 r1941 -- 496]
	at at.lcm.x2c.parameterEditor.X2cParameterWidgetBlockParam_Double.<init>(X2cParameterWidgetBlockParam_Double.java:164) [X2cScilab.jar:jenkins-X2C-free-496 r1941 -- 496]
	at at.lcm.x2c.parameterEditor.X2cParameterEditorGUI.fillGUIFields_BlockParameter(X2cParameterEditorGUI.java:603) [X2cScilab.jar:jenkins-X2C-free-496 r1941 -- 496]
	at at.lcm.x2c.parameterEditor.X2cParameterEditorGUI.fillGUIFields(X2cParameterEditorGUI.java:586) [X2cScilab.jar:jenkins-X2C-free-496 r1941 -- 496]
	at at.lcm.x2c.parameterEditor.X2cParameterEditorGUI.setParameterEditor(X2cParameterEditorGUI.java:256) [X2cScilab.jar:jenkins-X2C-free-496 r1941 -- 496]
	at at.lcm.x2c.parameterEditor.X2cParameterEditorGUI.getNewInstance(X2cParameterEditorGUI.java:239) [X2cScilab.jar:jenkins-X2C-free-496 r1941 -- 496]
	at at.lcm.x2c.parameterEditor.X2cParameterEditor.runGUI(X2cParameterEditor.java:75) [X2cScilab.jar:jenkins-X2C-free-496 r1941 -- 496]
	at sun.reflect.NativeMethodAccessorImpl.invoke0(Native Method) ~[?:1.6.0_41]
	at sun.reflect.NativeMethodAccessorImpl.invoke(NativeMethodAccessorImpl.java:39) ~[?:1.6.0_41]
	at sun.reflect.DelegatingMethodAccessorImpl.invoke(DelegatingMethodAccessorImpl.java:25) ~[?:1.6.0_41]
	at java.lang.reflect.Method.invoke(Method.java:597) ~[?:1.6.0_41]
	at org.scilab.modules.external_objects_java.ScilabJavaMethod.call(Unknown Source) [org.scilab.modules.external_objects_java.jar:20150331 1152]
	at org.scilab.modules.external_objects_java.ScilabJavaMethod.invoke(Unknown Source) [org.scilab.modules.external_objects_java.jar:20150331 1152]
	at org.scilab.modules.external_objects_java.ScilabJavaObject.invoke(Unknown Source) [org.scilab.modules.external_objects_java.jar:20150331 1152]

2020-07-24 22:03:05,980 43310502 ERROR      CATCHING[ EXCEPTION ] at.lcm.x2c.parameterEditor.X2cParameterWidgetBlockParam_Double 229 updateParameter - catching java.lang.NullPointerException
	at at.lcm.bu21.general.dtypes.TNumeric.fromString(TNumeric.java:378) ~[general.jar:?]
	at at.lcm.bu21.general.dtypes.TNumeric.<init>(TNumeric.java:365) ~[general.jar:?]
	at at.lcm.x2c.core.structure.MaskDouble.setValue(MaskDouble.java:96) ~[Core.jar:jenkins-X2C-free-496 r1941 -- 496]
	at at.lcm.x2c.core.structure.MaskParameter.setValue(MaskParameter.java:232) ~[Core.jar:jenkins-X2C-free-496 r1941 -- 496]
	at at.lcm.x2c.parameterEditor.X2cParameterWidgetBlockParam_Double.updateParameter(X2cParameterWidgetBlockParam_Double.java:226) [X2cScilab.jar:jenkins-X2C-free-496 r1941 -- 496]
	at at.lcm.x2c.parameterEditor.X2cParameterWidgetBlockParam_Double.<init>(X2cParameterWidgetBlockParam_Double.java:164) [X2cScilab.jar:jenkins-X2C-free-496 r1941 -- 496]
	at at.lcm.x2c.parameterEditor.X2cParameterEditorGUI.fillGUIFields_BlockParameter(X2cParameterEditorGUI.java:603) [X2cScilab.jar:jenkins-X2C-free-496 r1941 -- 496]
	at at.lcm.x2c.parameterEditor.X2cParameterEditorGUI.fillGUIFields(X2cParameterEditorGUI.java:586) [X2cScilab.jar:jenkins-X2C-free-496 r1941 -- 496]
	at at.lcm.x2c.parameterEditor.X2cParameterEditorGUI.setParameterEditor(X2cParameterEditorGUI.java:256) [X2cScilab.jar:jenkins-X2C-free-496 r1941 -- 496]
	at at.lcm.x2c.parameterEditor.X2cParameterEditorGUI.getNewInstance(X2cParameterEditorGUI.java:239) [X2cScilab.jar:jenkins-X2C-free-496 r1941 -- 496]
	at at.lcm.x2c.parameterEditor.X2cParameterEditor.runGUI(X2cParameterEditor.java:75) [X2cScilab.jar:jenkins-X2C-free-496 r1941 -- 496]
	at sun.reflect.NativeMethodAccessorImpl.invoke0(Native Method) ~[?:1.6.0_41]
	at sun.reflect.NativeMethodAccessorImpl.invoke(NativeMethodAccessorImpl.java:39) ~[?:1.6.0_41]
	at sun.reflect.DelegatingMethodAccessorImpl.invoke(DelegatingMethodAccessorImpl.java:25) ~[?:1.6.0_41]
	at java.lang.reflect.Method.invoke(Method.java:597) ~[?:1.6.0_41]
	at org.scilab.modules.external_objects_java.ScilabJavaMethod.call(Unknown Source) [org.scilab.modules.external_objects_java.jar:20150331 1152]
	at org.scilab.modules.external_objects_java.ScilabJavaMethod.invoke(Unknown Source) [org.scilab.modules.external_objects_java.jar:20150331 1152]
	at org.scilab.modules.external_objects_java.ScilabJavaObject.invoke(Unknown Source) [org.scilab.modules.external_objects_java.jar:20150331 1152]

2020-07-24 22:03:25,871 43330393 WARN                            at.lcm.x2c.core.environment.X2cEnvironment_Scilab 203 evaluateExpression - expression is not a valid: >speed2elAngle<
2020-07-24 22:03:25,871 43330393 ERROR      THROWING[ EXCEPTION ] at.lcm.x2c.core.environment.X2cEnvironment_Scilab 204 evaluateExpression - throwing at.lcm.x2c.core.environment.X2cEnvironmentException: expression is not a valid: >speed2elAngle<
	at at.lcm.x2c.core.environment.X2cEnvironment_Scilab.evaluateExpression(X2cEnvironment_Scilab.java:202) [X2cScilab.jar:jenkins-X2C-free-496 r1941 -- 496]
	at at.lcm.x2c.core.X2cBlockParameterSimple.eval(X2cBlockParameterSimple.java:169) [X2cScilab.jar:jenkins-X2C-free-496 r1941 -- 496]
	at at.lcm.x2c.parameterEditor.X2cParameterWidgetBlockParam_Double.updateParameter(X2cParameterWidgetBlockParam_Double.java:209) [X2cScilab.jar:jenkins-X2C-free-496 r1941 -- 496]
	at at.lcm.x2c.parameterEditor.X2cParameterWidgetBlockParam_Double.access$000(X2cParameterWidgetBlockParam_Double.java:42) [X2cScilab.jar:jenkins-X2C-free-496 r1941 -- 496]
	at at.lcm.x2c.parameterEditor.X2cParameterWidgetBlockParam_Double$2.focusLost(X2cParameterWidgetBlockParam_Double.java:98) [X2cScilab.jar:jenkins-X2C-free-496 r1941 -- 496]
	at java.awt.AWTEventMulticaster.focusLost(AWTEventMulticaster.java:213) [?:1.6.0_41]
	at java.awt.Component.processFocusEvent(Component.java:6189) [?:1.6.0_41]
	at java.awt.Component.processEvent(Component.java:6053) [?:1.6.0_41]
	at java.awt.Container.processEvent(Container.java:2039) [?:1.6.0_41]
	at java.awt.Component.dispatchEventImpl(Component.java:4660) [?:1.6.0_41]
	at java.awt.Container.dispatchEventImpl(Container.java:2097) [?:1.6.0_41]
	at java.awt.Component.dispatchEvent(Component.java:4488) [?:1.6.0_41]
	at java.awt.KeyboardFocusManager.redispatchEvent(KeyboardFocusManager.java:1856) [?:1.6.0_41]
	at java.awt.DefaultKeyboardFocusManager.typeAheadAssertions(DefaultKeyboardFocusManager.java:920) [?:1.6.0_41]
	at java.awt.DefaultKeyboardFocusManager.dispatchEvent(DefaultKeyboardFocusManager.java:578) [?:1.6.0_41]
	at java.awt.Component.dispatchEventImpl(Component.java:4532) [?:1.6.0_41]
	at java.awt.Container.dispatchEventImpl(Container.java:2097) [?:1.6.0_41]
	at java.awt.Component.dispatchEvent(Component.java:4488) [?:1.6.0_41]
	at java.awt.EventQueue.dispatchEventImpl(EventQueue.java:674) [?:1.6.0_41]
	at java.awt.EventQueue.access$400(EventQueue.java:81) [?:1.6.0_41]
	at java.awt.EventQueue$2.run(EventQueue.java:633) [?:1.6.0_41]
	at java.awt.EventQueue$2.run(EventQueue.java:631) [?:1.6.0_41]
	at java.security.AccessController.doPrivileged(Native Method) ~[?:1.6.0_41]
	at java.security.AccessControlContext$1.doIntersectionPrivilege(AccessControlContext.java:87) [?:1.6.0_41]
	at java.security.AccessControlContext$1.doIntersectionPrivilege(AccessControlContext.java:98) [?:1.6.0_41]
	at java.awt.EventQueue$3.run(EventQueue.java:647) [?:1.6.0_41]
	at java.awt.EventQueue$3.run(EventQueue.java:645) [?:1.6.0_41]
	at java.security.AccessController.doPrivileged(Native Method) ~[?:1.6.0_41]
	at java.security.AccessControlContext$1.doIntersectionPrivilege(AccessControlContext.java:87) [?:1.6.0_41]
	at java.awt.EventQueue.dispatchEvent(EventQueue.java:644) [?:1.6.0_41]
	at java.awt.EventDispatchThread.pumpOneEventForFilters(EventDispatchThread.java:269) [?:1.6.0_41]
	at java.awt.EventDispatchThread.pumpEventsForFilter(EventDispatchThread.java:184) [?:1.6.0_41]
	at java.awt.EventDispatchThread.pumpEventsForFilter(EventDispatchThread.java:178) [?:1.6.0_41]
	at java.awt.Dialog$1.run(Dialog.java:1052) [?:1.6.0_41]
	at java.awt.event.InvocationEvent.dispatch(InvocationEvent.java:209) [?:1.6.0_41]
	at java.awt.EventQueue.dispatchEventImpl(EventQueue.java:672) [?:1.6.0_41]
	at java.awt.EventQueue.access$400(EventQueue.java:81) [?:1.6.0_41]
	at java.awt.EventQueue$2.run(EventQueue.java:633) [?:1.6.0_41]
	at java.awt.EventQueue$2.run(EventQueue.java:631) [?:1.6.0_41]
	at java.security.AccessController.doPrivileged(Native Method) ~[?:1.6.0_41]
	at java.security.AccessControlContext$1.doIntersectionPrivilege(AccessControlContext.java:87) [?:1.6.0_41]
	at java.security.AccessControlContext$1.doIntersectionPrivilege(AccessControlContext.java:98) [?:1.6.0_41]
	at java.awt.EventQueue$3.run(EventQueue.java:647) [?:1.6.0_41]
	at java.awt.EventQueue$3.run(EventQueue.java:645) [?:1.6.0_41]
	at java.security.AccessController.doPrivileged(Native Method) ~[?:1.6.0_41]
	at java.security.AccessControlContext$1.doIntersectionPrivilege(AccessControlContext.java:87) [?:1.6.0_41]
	at java.awt.EventQueue.dispatchEvent(EventQueue.java:644) [?:1.6.0_41]
	at java.awt.EventDispatchThread.pumpOneEventForFilters(EventDispatchThread.java:269) [?:1.6.0_41]
	at java.awt.EventDispatchThread.pumpEventsForFilter(EventDispatchThread.java:184) [?:1.6.0_41]
	at java.awt.EventDispatchThread.pumpEventsForHierarchy(EventDispatchThread.java:174) [?:1.6.0_41]
	at java.awt.EventDispatchThread.pumpEvents(EventDispatchThread.java:169) [?:1.6.0_41]
	at java.awt.EventDispatchThread.pumpEvents(EventDispatchThread.java:161) [?:1.6.0_41]
	at java.awt.EventDispatchThread.run(EventDispatchThread.java:122) [?:1.6.0_41]

2020-07-24 22:03:25,871 43330393 ERROR      CATCHING[ EXCEPTION ] at.lcm.x2c.parameterEditor.X2cParameterWidgetBlockParam_Double 229 updateParameter - catching java.lang.NullPointerException
	at at.lcm.bu21.general.dtypes.TNumeric.fromString(TNumeric.java:378) ~[general.jar:?]
	at at.lcm.bu21.general.dtypes.TNumeric.<init>(TNumeric.java:365) ~[general.jar:?]
	at at.lcm.x2c.core.structure.MaskDouble.setValue(MaskDouble.java:96) ~[Core.jar:jenkins-X2C-free-496 r1941 -- 496]
	at at.lcm.x2c.core.structure.MaskParameter.setValue(MaskParameter.java:232) ~[Core.jar:jenkins-X2C-free-496 r1941 -- 496]
	at at.lcm.x2c.parameterEditor.X2cParameterWidgetBlockParam_Double.updateParameter(X2cParameterWidgetBlockParam_Double.java:226) [X2cScilab.jar:jenkins-X2C-free-496 r1941 -- 496]
	at at.lcm.x2c.parameterEditor.X2cParameterWidgetBlockParam_Double.access$000(X2cParameterWidgetBlockParam_Double.java:42) [X2cScilab.jar:jenkins-X2C-free-496 r1941 -- 496]
	at at.lcm.x2c.parameterEditor.X2cParameterWidgetBlockParam_Double$2.focusLost(X2cParameterWidgetBlockParam_Double.java:98) [X2cScilab.jar:jenkins-X2C-free-496 r1941 -- 496]
	at java.awt.AWTEventMulticaster.focusLost(AWTEventMulticaster.java:213) [?:1.6.0_41]
	at java.awt.Component.processFocusEvent(Component.java:6189) [?:1.6.0_41]
	at java.awt.Component.processEvent(Component.java:6053) [?:1.6.0_41]
	at java.awt.Container.processEvent(Container.java:2039) [?:1.6.0_41]
	at java.awt.Component.dispatchEventImpl(Component.java:4660) [?:1.6.0_41]
	at java.awt.Container.dispatchEventImpl(Container.java:2097) [?:1.6.0_41]
	at java.awt.Component.dispatchEvent(Component.java:4488) [?:1.6.0_41]
	at java.awt.KeyboardFocusManager.redispatchEvent(KeyboardFocusManager.java:1856) [?:1.6.0_41]
	at java.awt.DefaultKeyboardFocusManager.typeAheadAssertions(DefaultKeyboardFocusManager.java:920) [?:1.6.0_41]
	at java.awt.DefaultKeyboardFocusManager.dispatchEvent(DefaultKeyboardFocusManager.java:578) [?:1.6.0_41]
	at java.awt.Component.dispatchEventImpl(Component.java:4532) [?:1.6.0_41]
	at java.awt.Container.dispatchEventImpl(Container.java:2097) [?:1.6.0_41]
	at java.awt.Component.dispatchEvent(Component.java:4488) [?:1.6.0_41]
	at java.awt.EventQueue.dispatchEventImpl(EventQueue.java:674) [?:1.6.0_41]
	at java.awt.EventQueue.access$400(EventQueue.java:81) [?:1.6.0_41]
	at java.awt.EventQueue$2.run(EventQueue.java:633) [?:1.6.0_41]
	at java.awt.EventQueue$2.run(EventQueue.java:631) [?:1.6.0_41]
	at java.security.AccessController.doPrivileged(Native Method) ~[?:1.6.0_41]
	at java.security.AccessControlContext$1.doIntersectionPrivilege(AccessControlContext.java:87) [?:1.6.0_41]
	at java.security.AccessControlContext$1.doIntersectionPrivilege(AccessControlContext.java:98) [?:1.6.0_41]
	at java.awt.EventQueue$3.run(EventQueue.java:647) [?:1.6.0_41]
	at java.awt.EventQueue$3.run(EventQueue.java:645) [?:1.6.0_41]
	at java.security.AccessController.doPrivileged(Native Method) ~[?:1.6.0_41]
	at java.security.AccessControlContext$1.doIntersectionPrivilege(AccessControlContext.java:87) [?:1.6.0_41]
	at java.awt.EventQueue.dispatchEvent(EventQueue.java:644) [?:1.6.0_41]
	at java.awt.EventDispatchThread.pumpOneEventForFilters(EventDispatchThread.java:269) [?:1.6.0_41]
	at java.awt.EventDispatchThread.pumpEventsForFilter(EventDispatchThread.java:184) [?:1.6.0_41]
	at java.awt.EventDispatchThread.pumpEventsForFilter(EventDispatchThread.java:178) [?:1.6.0_41]
	at java.awt.Dialog$1.run(Dialog.java:1052) [?:1.6.0_41]
	at java.awt.event.InvocationEvent.dispatch(InvocationEvent.java:209) [?:1.6.0_41]
	at java.awt.EventQueue.dispatchEventImpl(EventQueue.java:672) [?:1.6.0_41]
	at java.awt.EventQueue.access$400(EventQueue.java:81) [?:1.6.0_41]
	at java.awt.EventQueue$2.run(EventQueue.java:633) [?:1.6.0_41]
	at java.awt.EventQueue$2.run(EventQueue.java:631) [?:1.6.0_41]
	at java.security.AccessController.doPrivileged(Native Method) ~[?:1.6.0_41]
	at java.security.AccessControlContext$1.doIntersectionPrivilege(AccessControlContext.java:87) [?:1.6.0_41]
	at java.security.AccessControlContext$1.doIntersectionPrivilege(AccessControlContext.java:98) [?:1.6.0_41]
	at java.awt.EventQueue$3.run(EventQueue.java:647) [?:1.6.0_41]
	at java.awt.EventQueue$3.run(EventQueue.java:645) [?:1.6.0_41]
	at java.security.AccessController.doPrivileged(Native Method) ~[?:1.6.0_41]
	at java.security.AccessControlContext$1.doIntersectionPrivilege(AccessControlContext.java:87) [?:1.6.0_41]
	at java.awt.EventQueue.dispatchEvent(EventQueue.java:644) [?:1.6.0_41]
	at java.awt.EventDispatchThread.pumpOneEventForFilters(EventDispatchThread.java:269) [?:1.6.0_41]
	at java.awt.EventDispatchThread.pumpEventsForFilter(EventDispatchThread.java:184) [?:1.6.0_41]
	at java.awt.EventDispatchThread.pumpEventsForHierarchy(EventDispatchThread.java:174) [?:1.6.0_41]
	at java.awt.EventDispatchThread.pumpEvents(EventDispatchThread.java:169) [?:1.6.0_41]
	at java.awt.EventDispatchThread.pumpEvents(EventDispatchThread.java:161) [?:1.6.0_41]
	at java.awt.EventDispatchThread.run(EventDispatchThread.java:122) [?:1.6.0_41]

2020-07-24 22:03:26,003 43330525 WARN                            at.lcm.x2c.parameterEditor.X2cParameterEditorGUI$7 512 actionPerformed - Change in model, communicator and target are not reseted! Only the change in the Xcos model/diagram is cancelled
2020-07-24 22:04:56,168 43420690 WARN                            at.lcm.x2c.scilab.xcos.x2cManager.X2cManager 352 getBlockWithDummyModel - sampletimePreset not set: using default: 0.0010  %% uI (uI)
2020-07-24 22:04:56,168 43420690 WARN                            at.lcm.x2c.core.environment.X2cEnvironment_Scilab 203 evaluateExpression - expression is not a valid: >speed2elAngle<
2020-07-24 22:04:56,168 43420690 ERROR      THROWING[ EXCEPTION ] at.lcm.x2c.core.environment.X2cEnvironment_Scilab 204 evaluateExpression - throwing at.lcm.x2c.core.environment.X2cEnvironmentException: expression is not a valid: >speed2elAngle<
	at at.lcm.x2c.core.environment.X2cEnvironment_Scilab.evaluateExpression(X2cEnvironment_Scilab.java:202) [X2cScilab.jar:jenkins-X2C-free-496 r1941 -- 496]
	at at.lcm.x2c.core.X2cBlockParameterSimple.eval(X2cBlockParameterSimple.java:169) [X2cScilab.jar:jenkins-X2C-free-496 r1941 -- 496]
	at at.lcm.x2c.core.X2cBlock.evaluateParameters(X2cBlock.java:436) [X2cScilab.jar:jenkins-X2C-free-496 r1941 -- 496]
	at at.lcm.x2c.scilab.xcos.x2cManager.X2cManager.getBlock(X2cManager.java:279) [X2cScilab.jar:jenkins-X2C-free-496 r1941 -- 496]
	at at.lcm.x2c.scilab.xcos.x2cManager.X2cManager.getBlock(X2cManager.java:219) [X2cScilab.jar:jenkins-X2C-free-496 r1941 -- 496]
	at at.lcm.x2c.parameterEditor.X2cParameterEditor_Xcos.<init>(X2cParameterEditor_Xcos.java:70) [X2cScilab.jar:jenkins-X2C-free-496 r1941 -- 496]
	at sun.reflect.NativeConstructorAccessorImpl.newInstance0(Native Method) ~[?:1.6.0_41]
	at sun.reflect.NativeConstructorAccessorImpl.newInstance(NativeConstructorAccessorImpl.java:39) [?:1.6.0_41]
	at sun.reflect.DelegatingConstructorAccessorImpl.newInstance(DelegatingConstructorAccessorImpl.java:27) [?:1.6.0_41]
	at java.lang.reflect.Constructor.newInstance(Constructor.java:513) [?:1.6.0_41]
	at org.scilab.modules.external_objects_java.ScilabJavaConstructor.invoke(Unknown Source) [org.scilab.modules.external_objects_java.jar:20150331 1152]
	at org.scilab.modules.external_objects_java.ScilabJavaClass.newInstance(Unknown Source) [org.scilab.modules.external_objects_java.jar:20150331 1152]

2020-07-24 22:04:56,176 43420698 ERROR                           at.lcm.x2c.core.X2cBlock 442 evaluateParameters - Parameter [name=Ki, paramValue=null, value=, expression=speed2elAngle, format=<SpinnerDoubleAdd fractionDigits="3" valueBase="" valueLimitLower="" valueLimitUpper="" step="0.0010"></SpinnerDoubleAdd>]
2020-07-24 22:04:56,433 43420955 ERROR                           at.lcm.x2c.parameterEditor.X2cParameterEditorGUI 798 updateBlock_blockLabel - block label is null or empty; change is ignored
2020-07-24 22:04:56,473 43420995 WARN                            at.lcm.x2c.core.environment.X2cEnvironment_Scilab 203 evaluateExpression - expression is not a valid: >speed2elAngle<
2020-07-24 22:04:56,473 43420995 ERROR      THROWING[ EXCEPTION ] at.lcm.x2c.core.environment.X2cEnvironment_Scilab 204 evaluateExpression - throwing at.lcm.x2c.core.environment.X2cEnvironmentException: expression is not a valid: >speed2elAngle<
	at at.lcm.x2c.core.environment.X2cEnvironment_Scilab.evaluateExpression(X2cEnvironment_Scilab.java:202) [X2cScilab.jar:jenkins-X2C-free-496 r1941 -- 496]
	at at.lcm.x2c.core.X2cBlockParameterSimple.eval(X2cBlockParameterSimple.java:169) [X2cScilab.jar:jenkins-X2C-free-496 r1941 -- 496]
	at at.lcm.x2c.parameterEditor.X2cParameterWidgetBlockParam_Double.updateParameter(X2cParameterWidgetBlockParam_Double.java:209) [X2cScilab.jar:jenkins-X2C-free-496 r1941 -- 496]
	at at.lcm.x2c.parameterEditor.X2cParameterWidgetBlockParam_Double.updateForceStatus(X2cParameterWidgetBlockParam_Double.java:186) [X2cScilab.jar:jenkins-X2C-free-496 r1941 -- 496]
	at at.lcm.x2c.parameterEditor.X2cParameterWidgetBlockParam_Double.updateForceStatus(X2cParameterWidgetBlockParam_Double.java:174) [X2cScilab.jar:jenkins-X2C-free-496 r1941 -- 496]
	at at.lcm.x2c.parameterEditor.X2cParameterWidgetBlockParam_Double.<init>(X2cParameterWidgetBlockParam_Double.java:163) [X2cScilab.jar:jenkins-X2C-free-496 r1941 -- 496]
	at at.lcm.x2c.parameterEditor.X2cParameterEditorGUI.fillGUIFields_BlockParameter(X2cParameterEditorGUI.java:603) [X2cScilab.jar:jenkins-X2C-free-496 r1941 -- 496]
	at at.lcm.x2c.parameterEditor.X2cParameterEditorGUI.fillGUIFields(X2cParameterEditorGUI.java:586) [X2cScilab.jar:jenkins-X2C-free-496 r1941 -- 496]
	at at.lcm.x2c.parameterEditor.X2cParameterEditorGUI.setParameterEditor(X2cParameterEditorGUI.java:256) [X2cScilab.jar:jenkins-X2C-free-496 r1941 -- 496]
	at at.lcm.x2c.parameterEditor.X2cParameterEditorGUI.getNewInstance(X2cParameterEditorGUI.java:239) [X2cScilab.jar:jenkins-X2C-free-496 r1941 -- 496]
	at at.lcm.x2c.parameterEditor.X2cParameterEditor.runGUI(X2cParameterEditor.java:75) [X2cScilab.jar:jenkins-X2C-free-496 r1941 -- 496]
	at sun.reflect.NativeMethodAccessorImpl.invoke0(Native Method) ~[?:1.6.0_41]
	at sun.reflect.NativeMethodAccessorImpl.invoke(NativeMethodAccessorImpl.java:39) ~[?:1.6.0_41]
	at sun.reflect.DelegatingMethodAccessorImpl.invoke(DelegatingMethodAccessorImpl.java:25) ~[?:1.6.0_41]
	at java.lang.reflect.Method.invoke(Method.java:597) ~[?:1.6.0_41]
	at org.scilab.modules.external_objects_java.ScilabJavaMethod.call(Unknown Source) [org.scilab.modules.external_objects_java.jar:20150331 1152]
	at org.scilab.modules.external_objects_java.ScilabJavaMethod.invoke(Unknown Source) [org.scilab.modules.external_objects_java.jar:20150331 1152]
	at org.scilab.modules.external_objects_java.ScilabJavaObject.invoke(Unknown Source) [org.scilab.modules.external_objects_java.jar:20150331 1152]

2020-07-24 22:04:56,473 43420995 ERROR      CATCHING[ EXCEPTION ] at.lcm.x2c.parameterEditor.X2cParameterWidgetBlockParam_Double 229 updateParameter - catching java.lang.NullPointerException
	at at.lcm.bu21.general.dtypes.TNumeric.fromString(TNumeric.java:378) ~[general.jar:?]
	at at.lcm.bu21.general.dtypes.TNumeric.<init>(TNumeric.java:365) ~[general.jar:?]
	at at.lcm.x2c.core.structure.MaskDouble.setValue(MaskDouble.java:96) ~[Core.jar:jenkins-X2C-free-496 r1941 -- 496]
	at at.lcm.x2c.core.structure.MaskParameter.setValue(MaskParameter.java:232) ~[Core.jar:jenkins-X2C-free-496 r1941 -- 496]
	at at.lcm.x2c.parameterEditor.X2cParameterWidgetBlockParam_Double.updateParameter(X2cParameterWidgetBlockParam_Double.java:226) [X2cScilab.jar:jenkins-X2C-free-496 r1941 -- 496]
	at at.lcm.x2c.parameterEditor.X2cParameterWidgetBlockParam_Double.updateForceStatus(X2cParameterWidgetBlockParam_Double.java:186) [X2cScilab.jar:jenkins-X2C-free-496 r1941 -- 496]
	at at.lcm.x2c.parameterEditor.X2cParameterWidgetBlockParam_Double.updateForceStatus(X2cParameterWidgetBlockParam_Double.java:174) [X2cScilab.jar:jenkins-X2C-free-496 r1941 -- 496]
	at at.lcm.x2c.parameterEditor.X2cParameterWidgetBlockParam_Double.<init>(X2cParameterWidgetBlockParam_Double.java:163) [X2cScilab.jar:jenkins-X2C-free-496 r1941 -- 496]
	at at.lcm.x2c.parameterEditor.X2cParameterEditorGUI.fillGUIFields_BlockParameter(X2cParameterEditorGUI.java:603) [X2cScilab.jar:jenkins-X2C-free-496 r1941 -- 496]
	at at.lcm.x2c.parameterEditor.X2cParameterEditorGUI.fillGUIFields(X2cParameterEditorGUI.java:586) [X2cScilab.jar:jenkins-X2C-free-496 r1941 -- 496]
	at at.lcm.x2c.parameterEditor.X2cParameterEditorGUI.setParameterEditor(X2cParameterEditorGUI.java:256) [X2cScilab.jar:jenkins-X2C-free-496 r1941 -- 496]
	at at.lcm.x2c.parameterEditor.X2cParameterEditorGUI.getNewInstance(X2cParameterEditorGUI.java:239) [X2cScilab.jar:jenkins-X2C-free-496 r1941 -- 496]
	at at.lcm.x2c.parameterEditor.X2cParameterEditor.runGUI(X2cParameterEditor.java:75) [X2cScilab.jar:jenkins-X2C-free-496 r1941 -- 496]
	at sun.reflect.NativeMethodAccessorImpl.invoke0(Native Method) ~[?:1.6.0_41]
	at sun.reflect.NativeMethodAccessorImpl.invoke(NativeMethodAccessorImpl.java:39) ~[?:1.6.0_41]
	at sun.reflect.DelegatingMethodAccessorImpl.invoke(DelegatingMethodAccessorImpl.java:25) ~[?:1.6.0_41]
	at java.lang.reflect.Method.invoke(Method.java:597) ~[?:1.6.0_41]
	at org.scilab.modules.external_objects_java.ScilabJavaMethod.call(Unknown Source) [org.scilab.modules.external_objects_java.jar:20150331 1152]
	at org.scilab.modules.external_objects_java.ScilabJavaMethod.invoke(Unknown Source) [org.scilab.modules.external_objects_java.jar:20150331 1152]
	at org.scilab.modules.external_objects_java.ScilabJavaObject.invoke(Unknown Source) [org.scilab.modules.external_objects_java.jar:20150331 1152]

2020-07-24 22:04:56,481 43421003 WARN                            at.lcm.x2c.core.environment.X2cEnvironment_Scilab 203 evaluateExpression - expression is not a valid: >speed2elAngle<
2020-07-24 22:04:56,481 43421003 ERROR      THROWING[ EXCEPTION ] at.lcm.x2c.core.environment.X2cEnvironment_Scilab 204 evaluateExpression - throwing at.lcm.x2c.core.environment.X2cEnvironmentException: expression is not a valid: >speed2elAngle<
	at at.lcm.x2c.core.environment.X2cEnvironment_Scilab.evaluateExpression(X2cEnvironment_Scilab.java:202) [X2cScilab.jar:jenkins-X2C-free-496 r1941 -- 496]
	at at.lcm.x2c.core.X2cBlockParameterSimple.eval(X2cBlockParameterSimple.java:169) [X2cScilab.jar:jenkins-X2C-free-496 r1941 -- 496]
	at at.lcm.x2c.parameterEditor.X2cParameterWidgetBlockParam_Double.updateParameter(X2cParameterWidgetBlockParam_Double.java:209) [X2cScilab.jar:jenkins-X2C-free-496 r1941 -- 496]
	at at.lcm.x2c.parameterEditor.X2cParameterWidgetBlockParam_Double.<init>(X2cParameterWidgetBlockParam_Double.java:164) [X2cScilab.jar:jenkins-X2C-free-496 r1941 -- 496]
	at at.lcm.x2c.parameterEditor.X2cParameterEditorGUI.fillGUIFields_BlockParameter(X2cParameterEditorGUI.java:603) [X2cScilab.jar:jenkins-X2C-free-496 r1941 -- 496]
	at at.lcm.x2c.parameterEditor.X2cParameterEditorGUI.fillGUIFields(X2cParameterEditorGUI.java:586) [X2cScilab.jar:jenkins-X2C-free-496 r1941 -- 496]
	at at.lcm.x2c.parameterEditor.X2cParameterEditorGUI.setParameterEditor(X2cParameterEditorGUI.java:256) [X2cScilab.jar:jenkins-X2C-free-496 r1941 -- 496]
	at at.lcm.x2c.parameterEditor.X2cParameterEditorGUI.getNewInstance(X2cParameterEditorGUI.java:239) [X2cScilab.jar:jenkins-X2C-free-496 r1941 -- 496]
	at at.lcm.x2c.parameterEditor.X2cParameterEditor.runGUI(X2cParameterEditor.java:75) [X2cScilab.jar:jenkins-X2C-free-496 r1941 -- 496]
	at sun.reflect.NativeMethodAccessorImpl.invoke0(Native Method) ~[?:1.6.0_41]
	at sun.reflect.NativeMethodAccessorImpl.invoke(NativeMethodAccessorImpl.java:39) ~[?:1.6.0_41]
	at sun.reflect.DelegatingMethodAccessorImpl.invoke(DelegatingMethodAccessorImpl.java:25) ~[?:1.6.0_41]
	at java.lang.reflect.Method.invoke(Method.java:597) ~[?:1.6.0_41]
	at org.scilab.modules.external_objects_java.ScilabJavaMethod.call(Unknown Source) [org.scilab.modules.external_objects_java.jar:20150331 1152]
	at org.scilab.modules.external_objects_java.ScilabJavaMethod.invoke(Unknown Source) [org.scilab.modules.external_objects_java.jar:20150331 1152]
	at org.scilab.modules.external_objects_java.ScilabJavaObject.invoke(Unknown Source) [org.scilab.modules.external_objects_java.jar:20150331 1152]

2020-07-24 22:04:56,483 43421005 ERROR      CATCHING[ EXCEPTION ] at.lcm.x2c.parameterEditor.X2cParameterWidgetBlockParam_Double 229 updateParameter - catching java.lang.NullPointerException
	at at.lcm.bu21.general.dtypes.TNumeric.fromString(TNumeric.java:378) ~[general.jar:?]
	at at.lcm.bu21.general.dtypes.TNumeric.<init>(TNumeric.java:365) ~[general.jar:?]
	at at.lcm.x2c.core.structure.MaskDouble.setValue(MaskDouble.java:96) ~[Core.jar:jenkins-X2C-free-496 r1941 -- 496]
	at at.lcm.x2c.core.structure.MaskParameter.setValue(MaskParameter.java:232) ~[Core.jar:jenkins-X2C-free-496 r1941 -- 496]
	at at.lcm.x2c.parameterEditor.X2cParameterWidgetBlockParam_Double.updateParameter(X2cParameterWidgetBlockParam_Double.java:226) [X2cScilab.jar:jenkins-X2C-free-496 r1941 -- 496]
	at at.lcm.x2c.parameterEditor.X2cParameterWidgetBlockParam_Double.<init>(X2cParameterWidgetBlockParam_Double.java:164) [X2cScilab.jar:jenkins-X2C-free-496 r1941 -- 496]
	at at.lcm.x2c.parameterEditor.X2cParameterEditorGUI.fillGUIFields_BlockParameter(X2cParameterEditorGUI.java:603) [X2cScilab.jar:jenkins-X2C-free-496 r1941 -- 496]
	at at.lcm.x2c.parameterEditor.X2cParameterEditorGUI.fillGUIFields(X2cParameterEditorGUI.java:586) [X2cScilab.jar:jenkins-X2C-free-496 r1941 -- 496]
	at at.lcm.x2c.parameterEditor.X2cParameterEditorGUI.setParameterEditor(X2cParameterEditorGUI.java:256) [X2cScilab.jar:jenkins-X2C-free-496 r1941 -- 496]
	at at.lcm.x2c.parameterEditor.X2cParameterEditorGUI.getNewInstance(X2cParameterEditorGUI.java:239) [X2cScilab.jar:jenkins-X2C-free-496 r1941 -- 496]
	at at.lcm.x2c.parameterEditor.X2cParameterEditor.runGUI(X2cParameterEditor.java:75) [X2cScilab.jar:jenkins-X2C-free-496 r1941 -- 496]
	at sun.reflect.NativeMethodAccessorImpl.invoke0(Native Method) ~[?:1.6.0_41]
	at sun.reflect.NativeMethodAccessorImpl.invoke(NativeMethodAccessorImpl.java:39) ~[?:1.6.0_41]
	at sun.reflect.DelegatingMethodAccessorImpl.invoke(DelegatingMethodAccessorImpl.java:25) ~[?:1.6.0_41]
	at java.lang.reflect.Method.invoke(Method.java:597) ~[?:1.6.0_41]
	at org.scilab.modules.external_objects_java.ScilabJavaMethod.call(Unknown Source) [org.scilab.modules.external_objects_java.jar:20150331 1152]
	at org.scilab.modules.external_objects_java.ScilabJavaMethod.invoke(Unknown Source) [org.scilab.modules.external_objects_java.jar:20150331 1152]
	at org.scilab.modules.external_objects_java.ScilabJavaObject.invoke(Unknown Source) [org.scilab.modules.external_objects_java.jar:20150331 1152]

2020-07-24 22:05:00,943 43425465 WARN                            at.lcm.x2c.parameterEditor.X2cParameterEditorGUI$7 512 actionPerformed - Change in model, communicator and target are not reseted! Only the change in the Xcos model/diagram is cancelled
2020-07-24 22:12:22,087 43866609 WARN                            at.lcm.x2c.scilab.xcos.x2cManager.X2cManager 352 getBlockWithDummyModel - sampletimePreset not set: using default: 0.0010  %% uI (uI)
2020-07-24 22:12:22,156 43866678 ERROR                           at.lcm.x2c.parameterEditor.X2cParameterEditorGUI 798 updateBlock_blockLabel - block label is null or empty; change is ignored
2020-07-24 22:12:24,662 43869184 ERROR      CATCHING[ EXCEPTION ] at.lcm.x2c.parameterEditor.X2cParameterWidgetBlockParam_Double 229 updateParameter - catching java.lang.NullPointerException
	at at.lcm.bu21.general.dtypes.TNumeric.fromString(TNumeric.java:378) ~[general.jar:?]
	at at.lcm.bu21.general.dtypes.TNumeric.<init>(TNumeric.java:365) ~[general.jar:?]
	at at.lcm.x2c.core.structure.MaskDouble.setValue(MaskDouble.java:96) ~[Core.jar:jenkins-X2C-free-496 r1941 -- 496]
	at at.lcm.x2c.core.structure.MaskParameter.setValue(MaskParameter.java:232) ~[Core.jar:jenkins-X2C-free-496 r1941 -- 496]
	at at.lcm.x2c.parameterEditor.X2cParameterWidgetBlockParam_Double.updateParameter(X2cParameterWidgetBlockParam_Double.java:226) [X2cScilab.jar:jenkins-X2C-free-496 r1941 -- 496]
	at at.lcm.x2c.parameterEditor.X2cParameterWidgetBlockParam_Double.updateForceStatus(X2cParameterWidgetBlockParam_Double.java:186) [X2cScilab.jar:jenkins-X2C-free-496 r1941 -- 496]
	at at.lcm.x2c.parameterEditor.X2cParameterWidgetBlockParam_Double.access$100(X2cParameterWidgetBlockParam_Double.java:42) [X2cScilab.jar:jenkins-X2C-free-496 r1941 -- 496]
	at at.lcm.x2c.parameterEditor.X2cParameterWidgetBlockParam_Double$3.mouseClicked(X2cParameterWidgetBlockParam_Double.java:107) [X2cScilab.jar:jenkins-X2C-free-496 r1941 -- 496]
	at java.awt.AWTEventMulticaster.mouseClicked(AWTEventMulticaster.java:253) [?:1.6.0_41]
	at java.awt.AWTEventMulticaster.mouseClicked(AWTEventMulticaster.java:252) [?:1.6.0_41]
	at java.awt.Component.processMouseEvent(Component.java:6300) [?:1.6.0_41]
	at javax.swing.JComponent.processMouseEvent(JComponent.java:3275) [?:1.6.0_41]
	at java.awt.Component.processEvent(Component.java:6062) [?:1.6.0_41]
	at java.awt.Container.processEvent(Container.java:2039) [?:1.6.0_41]
	at java.awt.Component.dispatchEventImpl(Component.java:4660) [?:1.6.0_41]
	at java.awt.Container.dispatchEventImpl(Container.java:2097) [?:1.6.0_41]
	at java.awt.Component.dispatchEvent(Component.java:4488) [?:1.6.0_41]
	at java.awt.LightweightDispatcher.retargetMouseEvent(Container.java:4575) [?:1.6.0_41]
	at java.awt.LightweightDispatcher.processMouseEvent(Container.java:4245) [?:1.6.0_41]
	at java.awt.LightweightDispatcher.dispatchEvent(Container.java:4166) [?:1.6.0_41]
	at java.awt.Container.dispatchEventImpl(Container.java:2083) [?:1.6.0_41]
	at java.awt.Window.dispatchEventImpl(Window.java:2489) [?:1.6.0_41]
	at java.awt.Component.dispatchEvent(Component.java:4488) [?:1.6.0_41]
	at java.awt.EventQueue.dispatchEventImpl(EventQueue.java:674) [?:1.6.0_41]
	at java.awt.EventQueue.access$400(EventQueue.java:81) [?:1.6.0_41]
	at java.awt.EventQueue$2.run(EventQueue.java:633) [?:1.6.0_41]
	at java.awt.EventQueue$2.run(EventQueue.java:631) [?:1.6.0_41]
	at java.security.AccessController.doPrivileged(Native Method) ~[?:1.6.0_41]
	at java.security.AccessControlContext$1.doIntersectionPrivilege(AccessControlContext.java:87) [?:1.6.0_41]
	at java.security.AccessControlContext$1.doIntersectionPrivilege(AccessControlContext.java:98) [?:1.6.0_41]
	at java.awt.EventQueue$3.run(EventQueue.java:647) [?:1.6.0_41]
	at java.awt.EventQueue$3.run(EventQueue.java:645) [?:1.6.0_41]
	at java.security.AccessController.doPrivileged(Native Method) ~[?:1.6.0_41]
	at java.security.AccessControlContext$1.doIntersectionPrivilege(AccessControlContext.java:87) [?:1.6.0_41]
	at java.awt.EventQueue.dispatchEvent(EventQueue.java:644) [?:1.6.0_41]
	at java.awt.EventDispatchThread.pumpOneEventForFilters(EventDispatchThread.java:269) [?:1.6.0_41]
	at java.awt.EventDispatchThread.pumpEventsForFilter(EventDispatchThread.java:184) [?:1.6.0_41]
	at java.awt.EventDispatchThread.pumpEventsForFilter(EventDispatchThread.java:178) [?:1.6.0_41]
	at java.awt.Dialog$1.run(Dialog.java:1052) [?:1.6.0_41]
	at java.awt.event.InvocationEvent.dispatch(InvocationEvent.java:209) [?:1.6.0_41]
	at java.awt.EventQueue.dispatchEventImpl(EventQueue.java:672) [?:1.6.0_41]
	at java.awt.EventQueue.access$400(EventQueue.java:81) [?:1.6.0_41]
	at java.awt.EventQueue$2.run(EventQueue.java:633) [?:1.6.0_41]
	at java.awt.EventQueue$2.run(EventQueue.java:631) [?:1.6.0_41]
	at java.security.AccessController.doPrivileged(Native Method) ~[?:1.6.0_41]
	at java.security.AccessControlContext$1.doIntersectionPrivilege(AccessControlContext.java:87) [?:1.6.0_41]
	at java.security.AccessControlContext$1.doIntersectionPrivilege(AccessControlContext.java:98) [?:1.6.0_41]
	at java.awt.EventQueue$3.run(EventQueue.java:647) [?:1.6.0_41]
	at java.awt.EventQueue$3.run(EventQueue.java:645) [?:1.6.0_41]
	at java.security.AccessController.doPrivileged(Native Method) ~[?:1.6.0_41]
	at java.security.AccessControlContext$1.doIntersectionPrivilege(AccessControlContext.java:87) [?:1.6.0_41]
	at java.awt.EventQueue.dispatchEvent(EventQueue.java:644) [?:1.6.0_41]
	at java.awt.EventDispatchThread.pumpOneEventForFilters(EventDispatchThread.java:269) [?:1.6.0_41]
	at java.awt.EventDispatchThread.pumpEventsForFilter(EventDispatchThread.java:184) [?:1.6.0_41]
	at java.awt.EventDispatchThread.pumpEventsForHierarchy(EventDispatchThread.java:174) [?:1.6.0_41]
	at java.awt.EventDispatchThread.pumpEvents(EventDispatchThread.java:169) [?:1.6.0_41]
	at java.awt.EventDispatchThread.pumpEvents(EventDispatchThread.java:161) [?:1.6.0_41]
	at java.awt.EventDispatchThread.run(EventDispatchThread.java:122) [?:1.6.0_41]

2020-07-24 22:12:29,142 43873664 WARN                            at.lcm.x2c.parameterEditor.X2cParameterEditorGUI$7 512 actionPerformed - Change in model, communicator and target are not reseted! Only the change in the Xcos model/diagram is cancelled
2020-07-24 22:12:32,228 43876750 WARN                            at.lcm.x2c.scilab.xcos.x2cManager.X2cManager 352 getBlockWithDummyModel - sampletimePreset not set: using default: 0.0010  %% uI (uI)
2020-07-24 22:12:32,282 43876804 ERROR                           at.lcm.x2c.parameterEditor.X2cParameterEditorGUI 798 updateBlock_blockLabel - block label is null or empty; change is ignored
2020-07-24 22:12:34,271 43878793 ERROR      CATCHING[ EXCEPTION ] at.lcm.x2c.parameterEditor.X2cParameterWidgetBlockParam_Double 229 updateParameter - catching java.lang.NullPointerException
	at at.lcm.bu21.general.dtypes.TNumeric.fromString(TNumeric.java:378) ~[general.jar:?]
	at at.lcm.bu21.general.dtypes.TNumeric.<init>(TNumeric.java:365) ~[general.jar:?]
	at at.lcm.x2c.core.structure.MaskDouble.setValue(MaskDouble.java:96) ~[Core.jar:jenkins-X2C-free-496 r1941 -- 496]
	at at.lcm.x2c.core.structure.MaskParameter.setValue(MaskParameter.java:232) ~[Core.jar:jenkins-X2C-free-496 r1941 -- 496]
	at at.lcm.x2c.parameterEditor.X2cParameterWidgetBlockParam_Double.updateParameter(X2cParameterWidgetBlockParam_Double.java:226) [X2cScilab.jar:jenkins-X2C-free-496 r1941 -- 496]
	at at.lcm.x2c.parameterEditor.X2cParameterWidgetBlockParam_Double.updateForceStatus(X2cParameterWidgetBlockParam_Double.java:186) [X2cScilab.jar:jenkins-X2C-free-496 r1941 -- 496]
	at at.lcm.x2c.parameterEditor.X2cParameterWidgetBlockParam_Double.access$100(X2cParameterWidgetBlockParam_Double.java:42) [X2cScilab.jar:jenkins-X2C-free-496 r1941 -- 496]
	at at.lcm.x2c.parameterEditor.X2cParameterWidgetBlockParam_Double$3.mouseClicked(X2cParameterWidgetBlockParam_Double.java:107) [X2cScilab.jar:jenkins-X2C-free-496 r1941 -- 496]
	at java.awt.AWTEventMulticaster.mouseClicked(AWTEventMulticaster.java:253) [?:1.6.0_41]
	at java.awt.AWTEventMulticaster.mouseClicked(AWTEventMulticaster.java:252) [?:1.6.0_41]
	at java.awt.Component.processMouseEvent(Component.java:6300) [?:1.6.0_41]
	at javax.swing.JComponent.processMouseEvent(JComponent.java:3275) [?:1.6.0_41]
	at java.awt.Component.processEvent(Component.java:6062) [?:1.6.0_41]
	at java.awt.Container.processEvent(Container.java:2039) [?:1.6.0_41]
	at java.awt.Component.dispatchEventImpl(Component.java:4660) [?:1.6.0_41]
	at java.awt.Container.dispatchEventImpl(Container.java:2097) [?:1.6.0_41]
	at java.awt.Component.dispatchEvent(Component.java:4488) [?:1.6.0_41]
	at java.awt.LightweightDispatcher.retargetMouseEvent(Container.java:4575) [?:1.6.0_41]
	at java.awt.LightweightDispatcher.processMouseEvent(Container.java:4245) [?:1.6.0_41]
	at java.awt.LightweightDispatcher.dispatchEvent(Container.java:4166) [?:1.6.0_41]
	at java.awt.Container.dispatchEventImpl(Container.java:2083) [?:1.6.0_41]
	at java.awt.Window.dispatchEventImpl(Window.java:2489) [?:1.6.0_41]
	at java.awt.Component.dispatchEvent(Component.java:4488) [?:1.6.0_41]
	at java.awt.EventQueue.dispatchEventImpl(EventQueue.java:674) [?:1.6.0_41]
	at java.awt.EventQueue.access$400(EventQueue.java:81) [?:1.6.0_41]
	at java.awt.EventQueue$2.run(EventQueue.java:633) [?:1.6.0_41]
	at java.awt.EventQueue$2.run(EventQueue.java:631) [?:1.6.0_41]
	at java.security.AccessController.doPrivileged(Native Method) ~[?:1.6.0_41]
	at java.security.AccessControlContext$1.doIntersectionPrivilege(AccessControlContext.java:87) [?:1.6.0_41]
	at java.security.AccessControlContext$1.doIntersectionPrivilege(AccessControlContext.java:98) [?:1.6.0_41]
	at java.awt.EventQueue$3.run(EventQueue.java:647) [?:1.6.0_41]
	at java.awt.EventQueue$3.run(EventQueue.java:645) [?:1.6.0_41]
	at java.security.AccessController.doPrivileged(Native Method) ~[?:1.6.0_41]
	at java.security.AccessControlContext$1.doIntersectionPrivilege(AccessControlContext.java:87) [?:1.6.0_41]
	at java.awt.EventQueue.dispatchEvent(EventQueue.java:644) [?:1.6.0_41]
	at java.awt.EventDispatchThread.pumpOneEventForFilters(EventDispatchThread.java:269) [?:1.6.0_41]
	at java.awt.EventDispatchThread.pumpEventsForFilter(EventDispatchThread.java:184) [?:1.6.0_41]
	at java.awt.EventDispatchThread.pumpEventsForFilter(EventDispatchThread.java:178) [?:1.6.0_41]
	at java.awt.Dialog$1.run(Dialog.java:1052) [?:1.6.0_41]
	at java.awt.event.InvocationEvent.dispatch(InvocationEvent.java:209) [?:1.6.0_41]
	at java.awt.EventQueue.dispatchEventImpl(EventQueue.java:672) [?:1.6.0_41]
	at java.awt.EventQueue.access$400(EventQueue.java:81) [?:1.6.0_41]
	at java.awt.EventQueue$2.run(EventQueue.java:633) [?:1.6.0_41]
	at java.awt.EventQueue$2.run(EventQueue.java:631) [?:1.6.0_41]
	at java.security.AccessController.doPrivileged(Native Method) ~[?:1.6.0_41]
	at java.security.AccessControlContext$1.doIntersectionPrivilege(AccessControlContext.java:87) [?:1.6.0_41]
	at java.security.AccessControlContext$1.doIntersectionPrivilege(AccessControlContext.java:98) [?:1.6.0_41]
	at java.awt.EventQueue$3.run(EventQueue.java:647) [?:1.6.0_41]
	at java.awt.EventQueue$3.run(EventQueue.java:645) [?:1.6.0_41]
	at java.security.AccessController.doPrivileged(Native Method) ~[?:1.6.0_41]
	at java.security.AccessControlContext$1.doIntersectionPrivilege(AccessControlContext.java:87) [?:1.6.0_41]
	at java.awt.EventQueue.dispatchEvent(EventQueue.java:644) [?:1.6.0_41]
	at java.awt.EventDispatchThread.pumpOneEventForFilters(EventDispatchThread.java:269) [?:1.6.0_41]
	at java.awt.EventDispatchThread.pumpEventsForFilter(EventDispatchThread.java:184) [?:1.6.0_41]
	at java.awt.EventDispatchThread.pumpEventsForHierarchy(EventDispatchThread.java:174) [?:1.6.0_41]
	at java.awt.EventDispatchThread.pumpEvents(EventDispatchThread.java:169) [?:1.6.0_41]
	at java.awt.EventDispatchThread.pumpEvents(EventDispatchThread.java:161) [?:1.6.0_41]
	at java.awt.EventDispatchThread.run(EventDispatchThread.java:122) [?:1.6.0_41]

2020-07-24 22:12:36,624 43881146 WARN                            at.lcm.x2c.core.environment.X2cEnvironment_Scilab 203 evaluateExpression - expression is not a valid: >speed2elAngle<
2020-07-24 22:12:36,624 43881146 ERROR      THROWING[ EXCEPTION ] at.lcm.x2c.core.environment.X2cEnvironment_Scilab 204 evaluateExpression - throwing at.lcm.x2c.core.environment.X2cEnvironmentException: expression is not a valid: >speed2elAngle<
	at at.lcm.x2c.core.environment.X2cEnvironment_Scilab.evaluateExpression(X2cEnvironment_Scilab.java:202) [X2cScilab.jar:jenkins-X2C-free-496 r1941 -- 496]
	at at.lcm.x2c.core.X2cBlockParameterSimple.eval(X2cBlockParameterSimple.java:169) [X2cScilab.jar:jenkins-X2C-free-496 r1941 -- 496]
	at at.lcm.x2c.parameterEditor.X2cParameterWidgetBlockParam_Double.updateParameter(X2cParameterWidgetBlockParam_Double.java:209) [X2cScilab.jar:jenkins-X2C-free-496 r1941 -- 496]
	at at.lcm.x2c.parameterEditor.X2cParameterWidgetBlockParam_Double.access$000(X2cParameterWidgetBlockParam_Double.java:42) [X2cScilab.jar:jenkins-X2C-free-496 r1941 -- 496]
	at at.lcm.x2c.parameterEditor.X2cParameterWidgetBlockParam_Double$2.focusLost(X2cParameterWidgetBlockParam_Double.java:98) [X2cScilab.jar:jenkins-X2C-free-496 r1941 -- 496]
	at java.awt.AWTEventMulticaster.focusLost(AWTEventMulticaster.java:213) [?:1.6.0_41]
	at java.awt.Component.processFocusEvent(Component.java:6189) [?:1.6.0_41]
	at java.awt.Component.processEvent(Component.java:6053) [?:1.6.0_41]
	at java.awt.Container.processEvent(Container.java:2039) [?:1.6.0_41]
	at java.awt.Component.dispatchEventImpl(Component.java:4660) [?:1.6.0_41]
	at java.awt.Container.dispatchEventImpl(Container.java:2097) [?:1.6.0_41]
	at java.awt.Component.dispatchEvent(Component.java:4488) [?:1.6.0_41]
	at java.awt.KeyboardFocusManager.redispatchEvent(KeyboardFocusManager.java:1856) [?:1.6.0_41]
	at java.awt.DefaultKeyboardFocusManager.typeAheadAssertions(DefaultKeyboardFocusManager.java:920) [?:1.6.0_41]
	at java.awt.DefaultKeyboardFocusManager.dispatchEvent(DefaultKeyboardFocusManager.java:578) [?:1.6.0_41]
	at java.awt.Component.dispatchEventImpl(Component.java:4532) [?:1.6.0_41]
	at java.awt.Container.dispatchEventImpl(Container.java:2097) [?:1.6.0_41]
	at java.awt.Component.dispatchEvent(Component.java:4488) [?:1.6.0_41]
	at java.awt.EventQueue.dispatchEventImpl(EventQueue.java:674) [?:1.6.0_41]
	at java.awt.EventQueue.access$400(EventQueue.java:81) [?:1.6.0_41]
	at java.awt.EventQueue$2.run(EventQueue.java:633) [?:1.6.0_41]
	at java.awt.EventQueue$2.run(EventQueue.java:631) [?:1.6.0_41]
	at java.security.AccessController.doPrivileged(Native Method) ~[?:1.6.0_41]
	at java.security.AccessControlContext$1.doIntersectionPrivilege(AccessControlContext.java:87) [?:1.6.0_41]
	at java.security.AccessControlContext$1.doIntersectionPrivilege(AccessControlContext.java:98) [?:1.6.0_41]
	at java.awt.EventQueue$3.run(EventQueue.java:647) [?:1.6.0_41]
	at java.awt.EventQueue$3.run(EventQueue.java:645) [?:1.6.0_41]
	at java.security.AccessController.doPrivileged(Native Method) ~[?:1.6.0_41]
	at java.security.AccessControlContext$1.doIntersectionPrivilege(AccessControlContext.java:87) [?:1.6.0_41]
	at java.awt.EventQueue.dispatchEvent(EventQueue.java:644) [?:1.6.0_41]
	at java.awt.EventDispatchThread.pumpOneEventForFilters(EventDispatchThread.java:269) [?:1.6.0_41]
	at java.awt.EventDispatchThread.pumpEventsForFilter(EventDispatchThread.java:184) [?:1.6.0_41]
	at java.awt.EventDispatchThread.pumpEventsForFilter(EventDispatchThread.java:178) [?:1.6.0_41]
	at java.awt.Dialog$1.run(Dialog.java:1052) [?:1.6.0_41]
	at java.awt.event.InvocationEvent.dispatch(InvocationEvent.java:209) [?:1.6.0_41]
	at java.awt.EventQueue.dispatchEventImpl(EventQueue.java:672) [?:1.6.0_41]
	at java.awt.EventQueue.access$400(EventQueue.java:81) [?:1.6.0_41]
	at java.awt.EventQueue$2.run(EventQueue.java:633) [?:1.6.0_41]
	at java.awt.EventQueue$2.run(EventQueue.java:631) [?:1.6.0_41]
	at java.security.AccessController.doPrivileged(Native Method) ~[?:1.6.0_41]
	at java.security.AccessControlContext$1.doIntersectionPrivilege(AccessControlContext.java:87) [?:1.6.0_41]
	at java.security.AccessControlContext$1.doIntersectionPrivilege(AccessControlContext.java:98) [?:1.6.0_41]
	at java.awt.EventQueue$3.run(EventQueue.java:647) [?:1.6.0_41]
	at java.awt.EventQueue$3.run(EventQueue.java:645) [?:1.6.0_41]
	at java.security.AccessController.doPrivileged(Native Method) ~[?:1.6.0_41]
	at java.security.AccessControlContext$1.doIntersectionPrivilege(AccessControlContext.java:87) [?:1.6.0_41]
	at java.awt.EventQueue.dispatchEvent(EventQueue.java:644) [?:1.6.0_41]
	at java.awt.EventDispatchThread.pumpOneEventForFilters(EventDispatchThread.java:269) [?:1.6.0_41]
	at java.awt.EventDispatchThread.pumpEventsForFilter(EventDispatchThread.java:184) [?:1.6.0_41]
	at java.awt.EventDispatchThread.pumpEventsForHierarchy(EventDispatchThread.java:174) [?:1.6.0_41]
	at java.awt.EventDispatchThread.pumpEvents(EventDispatchThread.java:169) [?:1.6.0_41]
	at java.awt.EventDispatchThread.pumpEvents(EventDispatchThread.java:161) [?:1.6.0_41]
	at java.awt.EventDispatchThread.run(EventDispatchThread.java:122) [?:1.6.0_41]

2020-07-24 22:12:36,624 43881146 ERROR      CATCHING[ EXCEPTION ] at.lcm.x2c.parameterEditor.X2cParameterWidgetBlockParam_Double 229 updateParameter - catching java.lang.NullPointerException
	at at.lcm.bu21.general.dtypes.TNumeric.fromString(TNumeric.java:378) ~[general.jar:?]
	at at.lcm.bu21.general.dtypes.TNumeric.<init>(TNumeric.java:365) ~[general.jar:?]
	at at.lcm.x2c.core.structure.MaskDouble.setValue(MaskDouble.java:96) ~[Core.jar:jenkins-X2C-free-496 r1941 -- 496]
	at at.lcm.x2c.core.structure.MaskParameter.setValue(MaskParameter.java:232) ~[Core.jar:jenkins-X2C-free-496 r1941 -- 496]
	at at.lcm.x2c.parameterEditor.X2cParameterWidgetBlockParam_Double.updateParameter(X2cParameterWidgetBlockParam_Double.java:226) [X2cScilab.jar:jenkins-X2C-free-496 r1941 -- 496]
	at at.lcm.x2c.parameterEditor.X2cParameterWidgetBlockParam_Double.access$000(X2cParameterWidgetBlockParam_Double.java:42) [X2cScilab.jar:jenkins-X2C-free-496 r1941 -- 496]
	at at.lcm.x2c.parameterEditor.X2cParameterWidgetBlockParam_Double$2.focusLost(X2cParameterWidgetBlockParam_Double.java:98) [X2cScilab.jar:jenkins-X2C-free-496 r1941 -- 496]
	at java.awt.AWTEventMulticaster.focusLost(AWTEventMulticaster.java:213) [?:1.6.0_41]
	at java.awt.Component.processFocusEvent(Component.java:6189) [?:1.6.0_41]
	at java.awt.Component.processEvent(Component.java:6053) [?:1.6.0_41]
	at java.awt.Container.processEvent(Container.java:2039) [?:1.6.0_41]
	at java.awt.Component.dispatchEventImpl(Component.java:4660) [?:1.6.0_41]
	at java.awt.Container.dispatchEventImpl(Container.java:2097) [?:1.6.0_41]
	at java.awt.Component.dispatchEvent(Component.java:4488) [?:1.6.0_41]
	at java.awt.KeyboardFocusManager.redispatchEvent(KeyboardFocusManager.java:1856) [?:1.6.0_41]
	at java.awt.DefaultKeyboardFocusManager.typeAheadAssertions(DefaultKeyboardFocusManager.java:920) [?:1.6.0_41]
	at java.awt.DefaultKeyboardFocusManager.dispatchEvent(DefaultKeyboardFocusManager.java:578) [?:1.6.0_41]
	at java.awt.Component.dispatchEventImpl(Component.java:4532) [?:1.6.0_41]
	at java.awt.Container.dispatchEventImpl(Container.java:2097) [?:1.6.0_41]
	at java.awt.Component.dispatchEvent(Component.java:4488) [?:1.6.0_41]
	at java.awt.EventQueue.dispatchEventImpl(EventQueue.java:674) [?:1.6.0_41]
	at java.awt.EventQueue.access$400(EventQueue.java:81) [?:1.6.0_41]
	at java.awt.EventQueue$2.run(EventQueue.java:633) [?:1.6.0_41]
	at java.awt.EventQueue$2.run(EventQueue.java:631) [?:1.6.0_41]
	at java.security.AccessController.doPrivileged(Native Method) ~[?:1.6.0_41]
	at java.security.AccessControlContext$1.doIntersectionPrivilege(AccessControlContext.java:87) [?:1.6.0_41]
	at java.security.AccessControlContext$1.doIntersectionPrivilege(AccessControlContext.java:98) [?:1.6.0_41]
	at java.awt.EventQueue$3.run(EventQueue.java:647) [?:1.6.0_41]
	at java.awt.EventQueue$3.run(EventQueue.java:645) [?:1.6.0_41]
	at java.security.AccessController.doPrivileged(Native Method) ~[?:1.6.0_41]
	at java.security.AccessControlContext$1.doIntersectionPrivilege(AccessControlContext.java:87) [?:1.6.0_41]
	at java.awt.EventQueue.dispatchEvent(EventQueue.java:644) [?:1.6.0_41]
	at java.awt.EventDispatchThread.pumpOneEventForFilters(EventDispatchThread.java:269) [?:1.6.0_41]
	at java.awt.EventDispatchThread.pumpEventsForFilter(EventDispatchThread.java:184) [?:1.6.0_41]
	at java.awt.EventDispatchThread.pumpEventsForFilter(EventDispatchThread.java:178) [?:1.6.0_41]
	at java.awt.Dialog$1.run(Dialog.java:1052) [?:1.6.0_41]
	at java.awt.event.InvocationEvent.dispatch(InvocationEvent.java:209) [?:1.6.0_41]
	at java.awt.EventQueue.dispatchEventImpl(EventQueue.java:672) [?:1.6.0_41]
	at java.awt.EventQueue.access$400(EventQueue.java:81) [?:1.6.0_41]
	at java.awt.EventQueue$2.run(EventQueue.java:633) [?:1.6.0_41]
	at java.awt.EventQueue$2.run(EventQueue.java:631) [?:1.6.0_41]
	at java.security.AccessController.doPrivileged(Native Method) ~[?:1.6.0_41]
	at java.security.AccessControlContext$1.doIntersectionPrivilege(AccessControlContext.java:87) [?:1.6.0_41]
	at java.security.AccessControlContext$1.doIntersectionPrivilege(AccessControlContext.java:98) [?:1.6.0_41]
	at java.awt.EventQueue$3.run(EventQueue.java:647) [?:1.6.0_41]
	at java.awt.EventQueue$3.run(EventQueue.java:645) [?:1.6.0_41]
	at java.security.AccessController.doPrivileged(Native Method) ~[?:1.6.0_41]
	at java.security.AccessControlContext$1.doIntersectionPrivilege(AccessControlContext.java:87) [?:1.6.0_41]
	at java.awt.EventQueue.dispatchEvent(EventQueue.java:644) [?:1.6.0_41]
	at java.awt.EventDispatchThread.pumpOneEventForFilters(EventDispatchThread.java:269) [?:1.6.0_41]
	at java.awt.EventDispatchThread.pumpEventsForFilter(EventDispatchThread.java:184) [?:1.6.0_41]
	at java.awt.EventDispatchThread.pumpEventsForHierarchy(EventDispatchThread.java:174) [?:1.6.0_41]
	at java.awt.EventDispatchThread.pumpEvents(EventDispatchThread.java:169) [?:1.6.0_41]
	at java.awt.EventDispatchThread.pumpEvents(EventDispatchThread.java:161) [?:1.6.0_41]
	at java.awt.EventDispatchThread.run(EventDispatchThread.java:122) [?:1.6.0_41]

2020-07-24 22:12:36,793 43881315 WARN                            at.lcm.x2c.scilab.xcos.xcosAdapter.XcosExprs 536 getExprs - exprs contains null value on index 9,0
2020-07-24 22:15:37,080 44061602 WARN                            at.lcm.x2c.scilab.xcos.x2cManager.X2cManager 352 getBlockWithDummyModel - sampletimePreset not set: using default: 0.0010  %% Constant (Constant)
2020-07-24 22:15:45,498 44070020 WARN                            at.lcm.x2c.scilab.xcos.x2cManager.X2cManager 352 getBlockWithDummyModel - sampletimePreset not set: using default: 0.0010  %% Constant (Constant)
2020-07-24 22:16:02,931 44087453 WARN                            at.lcm.x2c.scilab.xcos.x2cManager.X2cManager 352 getBlockWithDummyModel - sampletimePreset not set: using default: 0.0010  %% ManualSwitch (ManualSwitch)
2020-07-24 22:18:29,127 44233649 WARN                            at.lcm.x2c.scilab.xcos.x2cManager.X2cManager 352 getBlockWithDummyModel - sampletimePreset not set: using default: 0.0010  %% ManualSwitch (ManualSwitch)
2020-07-24 22:18:29,207 44233729 ERROR                           at.lcm.x2c.parameterEditor.X2cParameterEditorGUI 798 updateBlock_blockLabel - block label is null or empty; change is ignored
2020-07-24 22:18:33,506 44238028 WARN                            at.lcm.x2c.parameterEditor.X2cParameterEditorGUI$7 512 actionPerformed - Change in model, communicator and target are not reseted! Only the change in the Xcos model/diagram is cancelled
2020-07-24 22:19:00,804 44265326 WARN                            at.lcm.x2c.scilab.xcos.x2cManager.X2cManager 352 getBlockWithDummyModel - sampletimePreset not set: using default: 0.0010  %% Constant (Constant)
2020-07-24 22:19:00,866 44265388 ERROR                           at.lcm.x2c.parameterEditor.X2cParameterEditorGUI 798 updateBlock_blockLabel - block label is null or empty; change is ignored
2020-07-24 22:19:04,005 44268527 ERROR                           at.lcm.x2c.parameterEditor.X2cParameterEditorGUI 798 updateBlock_blockLabel - block label is null or empty; change is ignored
2020-07-24 22:19:14,851 44279373 WARN                            at.lcm.x2c.scilab.xcos.x2cManager.X2cManager 352 getBlockWithDummyModel - sampletimePreset not set: using default: 0.0010  %% SweepVelocity (Constant)
2020-07-24 22:19:14,913 44279435 ERROR                           at.lcm.x2c.parameterEditor.X2cParameterEditorGUI 798 updateBlock_blockLabel - block label is null or empty; change is ignored
2020-07-24 22:19:20,729 44285251 WARN                            at.lcm.x2c.parameterEditor.X2cParameterEditorGUI$7 512 actionPerformed - Change in model, communicator and target are not reseted! Only the change in the Xcos model/diagram is cancelled
2020-07-24 22:19:24,175 44288697 WARN                            at.lcm.x2c.scilab.xcos.x2cManager.X2cManager 352 getBlockWithDummyModel - sampletimePreset not set: using default: 0.0010  %% Constant (Constant)
2020-07-24 22:19:24,229 44288751 ERROR                           at.lcm.x2c.parameterEditor.X2cParameterEditorGUI 798 updateBlock_blockLabel - block label is null or empty; change is ignored
2020-07-24 22:19:34,070 44298592 ERROR                           at.lcm.x2c.parameterEditor.X2cParameterEditorGUI 798 updateBlock_blockLabel - block label is null or empty; change is ignored
2020-07-24 22:21:07,744 44392266 WARN                            at.lcm.x2c.scilab.xcos.x2cManager.X2cManager 352 getBlockWithDummyModel - sampletimePreset not set: using default: 0.0010  %% InitSweepAngle (Constant)
2020-07-24 22:21:07,966 44392488 ERROR                           at.lcm.x2c.parameterEditor.X2cParameterEditorGUI 798 updateBlock_blockLabel - block label is null or empty; change is ignored
2020-07-24 22:21:14,311 44398833 WARN                            at.lcm.x2c.parameterEditor.X2cParameterEditorGUI$7 512 actionPerformed - Change in model, communicator and target are not reseted! Only the change in the Xcos model/diagram is cancelled
2020-07-24 22:21:19,965 44404487 WARN                            at.lcm.x2c.scilab.xcos.x2cManager.X2cManager 352 getBlockWithDummyModel - sampletimePreset not set: using default: 0.0010  %% Constant (Constant)
2020-07-24 22:21:20,210 44404732 ERROR                           at.lcm.x2c.parameterEditor.X2cParameterEditorGUI 798 updateBlock_blockLabel - block label is null or empty; change is ignored
2020-07-24 22:21:23,429 44407951 ERROR                           at.lcm.x2c.parameterEditor.X2cParameterEditorGUI 798 updateBlock_blockLabel - block label is null or empty; change is ignored
2020-07-24 22:22:12,883 44457405 WARN                            at.lcm.x2c.scilab.xcos.x2cManager.X2cManager 352 getBlockWithDummyModel - sampletimePreset not set: using default: 0.0010  %% ManualSwitch (ManualSwitch)
2020-07-24 22:22:13,157 44457679 ERROR                           at.lcm.x2c.parameterEditor.X2cParameterEditorGUI 798 updateBlock_blockLabel - block label is null or empty; change is ignored
2020-07-24 22:22:33,844 44478366 WARN                            at.lcm.x2c.parameterEditor.X2cParameterEditorGUI$7 512 actionPerformed - Change in model, communicator and target are not reseted! Only the change in the Xcos model/diagram is cancelled
2020-07-24 22:22:37,986 44482508 WARN                            at.lcm.x2c.scilab.xcos.x2cManager.X2cManager 352 getBlockWithDummyModel - sampletimePreset not set: using default: 0.0010  %% AngleSweep (ManualSwitch)
2020-07-24 22:22:38,055 44482577 ERROR                           at.lcm.x2c.parameterEditor.X2cParameterEditorGUI 798 updateBlock_blockLabel - block label is null or empty; change is ignored
2020-07-24 22:22:45,899 44490421 WARN                            at.lcm.x2c.parameterEditor.X2cParameterEditorGUI$7 512 actionPerformed - Change in model, communicator and target are not reseted! Only the change in the Xcos model/diagram is cancelled
2020-07-24 22:22:54,976 44499498 WARN                            at.lcm.x2c.scilab.xcos.x2cManager.X2cManager 352 getBlockWithDummyModel - sampletimePreset not set: using default: 0.0010  %% ManualSwitch (ManualSwitch)
2020-07-24 22:22:55,199 44499721 ERROR                           at.lcm.x2c.parameterEditor.X2cParameterEditorGUI 798 updateBlock_blockLabel - block label is null or empty; change is ignored
2020-07-24 22:23:00,701 44505223 WARN                            at.lcm.x2c.parameterEditor.X2cParameterEditorGUI$7 512 actionPerformed - Change in model, communicator and target are not reseted! Only the change in the Xcos model/diagram is cancelled
2020-07-24 22:23:04,326 44508848 WARN                            at.lcm.x2c.scilab.xcos.x2cManager.X2cManager 352 getBlockWithDummyModel - sampletimePreset not set: using default: 0.0010  %% AngleSweep (ManualSwitch)
2020-07-24 22:23:04,364 44508886 ERROR                           at.lcm.x2c.parameterEditor.X2cParameterEditorGUI 798 updateBlock_blockLabel - block label is null or empty; change is ignored
2020-07-24 22:23:11,282 44515804 WARN                            at.lcm.x2c.parameterEditor.X2cParameterEditorGUI$7 512 actionPerformed - Change in model, communicator and target are not reseted! Only the change in the Xcos model/diagram is cancelled
2020-07-24 22:23:14,703 44519225 WARN                            at.lcm.x2c.scilab.xcos.x2cManager.X2cManager 352 getBlockWithDummyModel - sampletimePreset not set: using default: 0.0010  %% ManualSwitch (ManualSwitch)
2020-07-24 22:23:14,756 44519278 ERROR                           at.lcm.x2c.parameterEditor.X2cParameterEditorGUI 798 updateBlock_blockLabel - block label is null or empty; change is ignored
2020-07-24 22:23:27,534 44532056 WARN                            at.lcm.x2c.parameterEditor.X2cParameterEditorGUI$7 512 actionPerformed - Change in model, communicator and target are not reseted! Only the change in the Xcos model/diagram is cancelled
2020-07-24 22:23:31,682 44536204 WARN                            at.lcm.x2c.scilab.xcos.x2cManager.X2cManager 352 getBlockWithDummyModel - sampletimePreset not set: using default: 0.0010  %% AngleSweep (ManualSwitch)
2020-07-24 22:23:31,713 44536235 ERROR                           at.lcm.x2c.parameterEditor.X2cParameterEditorGUI 798 updateBlock_blockLabel - block label is null or empty; change is ignored
2020-07-24 22:24:00,691 44565213 WARN                            at.lcm.x2c.parameterEditor.X2cParameterEditorGUI$7 512 actionPerformed - Change in model, communicator and target are not reseted! Only the change in the Xcos model/diagram is cancelled
2020-07-24 22:24:05,224 44569746 WARN                            at.lcm.x2c.scilab.xcos.x2cManager.X2cManager 352 getBlockWithDummyModel - sampletimePreset not set: using default: 0.0010  %% ManualSwitch (ManualSwitch)
2020-07-24 22:24:05,425 44569947 ERROR                           at.lcm.x2c.parameterEditor.X2cParameterEditorGUI 798 updateBlock_blockLabel - block label is null or empty; change is ignored
2020-07-24 22:24:07,693 44572215 ERROR                           at.lcm.x2c.parameterEditor.X2cParameterEditorGUI 798 updateBlock_blockLabel - block label is null or empty; change is ignored
2020-07-24 22:24:27,148 44591670 WARN                            at.lcm.x2c.scilab.xcos.x2cManager.X2cManager 352 getBlockWithDummyModel - sampletimePreset not set: using default: 0.0010  %% AngleSweep (ManualSwitch)
2020-07-24 22:24:27,371 44591893 ERROR                           at.lcm.x2c.parameterEditor.X2cParameterEditorGUI 798 updateBlock_blockLabel - block label is null or empty; change is ignored
2020-07-24 22:25:13,385 44637907 WARN                            at.lcm.x2c.scilab.xcos.x2cManager.X2cManager 352 getBlockWithDummyModel - sampletimePreset not set: using default: 0.0010  %% uI (uI)
2020-07-24 22:25:13,385 44637907 WARN                            at.lcm.x2c.core.environment.X2cEnvironment_Scilab 203 evaluateExpression - expression is not a valid: >speed2elAngle<
2020-07-24 22:25:13,385 44637907 ERROR      THROWING[ EXCEPTION ] at.lcm.x2c.core.environment.X2cEnvironment_Scilab 204 evaluateExpression - throwing at.lcm.x2c.core.environment.X2cEnvironmentException: expression is not a valid: >speed2elAngle<
	at at.lcm.x2c.core.environment.X2cEnvironment_Scilab.evaluateExpression(X2cEnvironment_Scilab.java:202) [X2cScilab.jar:jenkins-X2C-free-496 r1941 -- 496]
	at at.lcm.x2c.core.X2cBlockParameterSimple.eval(X2cBlockParameterSimple.java:169) [X2cScilab.jar:jenkins-X2C-free-496 r1941 -- 496]
	at at.lcm.x2c.core.X2cBlock.evaluateParameters(X2cBlock.java:436) [X2cScilab.jar:jenkins-X2C-free-496 r1941 -- 496]
	at at.lcm.x2c.scilab.xcos.x2cManager.X2cManager.getBlock(X2cManager.java:279) [X2cScilab.jar:jenkins-X2C-free-496 r1941 -- 496]
	at at.lcm.x2c.scilab.xcos.x2cManager.X2cManager.getBlock(X2cManager.java:219) [X2cScilab.jar:jenkins-X2C-free-496 r1941 -- 496]
	at at.lcm.x2c.parameterEditor.X2cParameterEditor_Xcos.<init>(X2cParameterEditor_Xcos.java:70) [X2cScilab.jar:jenkins-X2C-free-496 r1941 -- 496]
	at sun.reflect.GeneratedConstructorAccessor57.newInstance(Unknown Source) [?:1.6.0_41]
	at sun.reflect.DelegatingConstructorAccessorImpl.newInstance(DelegatingConstructorAccessorImpl.java:27) [?:1.6.0_41]
	at java.lang.reflect.Constructor.newInstance(Constructor.java:513) [?:1.6.0_41]
	at org.scilab.modules.external_objects_java.ScilabJavaConstructor.invoke(Unknown Source) [org.scilab.modules.external_objects_java.jar:20150331 1152]
	at org.scilab.modules.external_objects_java.ScilabJavaClass.newInstance(Unknown Source) [org.scilab.modules.external_objects_java.jar:20150331 1152]

2020-07-24 22:25:13,385 44637907 ERROR                           at.lcm.x2c.core.X2cBlock 442 evaluateParameters - Parameter [name=Ki, paramValue=null, value=, expression=speed2elAngle, format=<SpinnerDoubleAdd fractionDigits="3" valueBase="" valueLimitLower="" valueLimitUpper="" step="0.0010"></SpinnerDoubleAdd>]
2020-07-24 22:25:13,432 44637954 ERROR                           at.lcm.x2c.parameterEditor.X2cParameterEditorGUI 798 updateBlock_blockLabel - block label is null or empty; change is ignored
2020-07-24 22:25:13,432 44637954 WARN                            at.lcm.x2c.core.environment.X2cEnvironment_Scilab 203 evaluateExpression - expression is not a valid: >speed2elAngle<
2020-07-24 22:25:13,432 44637954 ERROR      THROWING[ EXCEPTION ] at.lcm.x2c.core.environment.X2cEnvironment_Scilab 204 evaluateExpression - throwing at.lcm.x2c.core.environment.X2cEnvironmentException: expression is not a valid: >speed2elAngle<
	at at.lcm.x2c.core.environment.X2cEnvironment_Scilab.evaluateExpression(X2cEnvironment_Scilab.java:202) [X2cScilab.jar:jenkins-X2C-free-496 r1941 -- 496]
	at at.lcm.x2c.core.X2cBlockParameterSimple.eval(X2cBlockParameterSimple.java:169) [X2cScilab.jar:jenkins-X2C-free-496 r1941 -- 496]
	at at.lcm.x2c.parameterEditor.X2cParameterWidgetBlockParam_Double.updateParameter(X2cParameterWidgetBlockParam_Double.java:209) [X2cScilab.jar:jenkins-X2C-free-496 r1941 -- 496]
	at at.lcm.x2c.parameterEditor.X2cParameterWidgetBlockParam_Double.updateForceStatus(X2cParameterWidgetBlockParam_Double.java:186) [X2cScilab.jar:jenkins-X2C-free-496 r1941 -- 496]
	at at.lcm.x2c.parameterEditor.X2cParameterWidgetBlockParam_Double.updateForceStatus(X2cParameterWidgetBlockParam_Double.java:174) [X2cScilab.jar:jenkins-X2C-free-496 r1941 -- 496]
	at at.lcm.x2c.parameterEditor.X2cParameterWidgetBlockParam_Double.<init>(X2cParameterWidgetBlockParam_Double.java:163) [X2cScilab.jar:jenkins-X2C-free-496 r1941 -- 496]
	at at.lcm.x2c.parameterEditor.X2cParameterEditorGUI.fillGUIFields_BlockParameter(X2cParameterEditorGUI.java:603) [X2cScilab.jar:jenkins-X2C-free-496 r1941 -- 496]
	at at.lcm.x2c.parameterEditor.X2cParameterEditorGUI.fillGUIFields(X2cParameterEditorGUI.java:586) [X2cScilab.jar:jenkins-X2C-free-496 r1941 -- 496]
	at at.lcm.x2c.parameterEditor.X2cParameterEditorGUI.setParameterEditor(X2cParameterEditorGUI.java:256) [X2cScilab.jar:jenkins-X2C-free-496 r1941 -- 496]
	at at.lcm.x2c.parameterEditor.X2cParameterEditorGUI.getNewInstance(X2cParameterEditorGUI.java:239) [X2cScilab.jar:jenkins-X2C-free-496 r1941 -- 496]
	at at.lcm.x2c.parameterEditor.X2cParameterEditor.runGUI(X2cParameterEditor.java:75) [X2cScilab.jar:jenkins-X2C-free-496 r1941 -- 496]
	at sun.reflect.GeneratedMethodAccessor229.invoke(Unknown Source) ~[?:?]
	at sun.reflect.DelegatingMethodAccessorImpl.invoke(DelegatingMethodAccessorImpl.java:25) ~[?:1.6.0_41]
	at java.lang.reflect.Method.invoke(Method.java:597) ~[?:1.6.0_41]
	at org.scilab.modules.external_objects_java.ScilabJavaMethod.call(Unknown Source) [org.scilab.modules.external_objects_java.jar:20150331 1152]
	at org.scilab.modules.external_objects_java.ScilabJavaMethod.invoke(Unknown Source) [org.scilab.modules.external_objects_java.jar:20150331 1152]
	at org.scilab.modules.external_objects_java.ScilabJavaObject.invoke(Unknown Source) [org.scilab.modules.external_objects_java.jar:20150331 1152]

2020-07-24 22:25:13,432 44637954 ERROR      CATCHING[ EXCEPTION ] at.lcm.x2c.parameterEditor.X2cParameterWidgetBlockParam_Double 229 updateParameter - catching java.lang.NullPointerException
	at at.lcm.bu21.general.dtypes.TNumeric.fromString(TNumeric.java:378) ~[general.jar:?]
	at at.lcm.bu21.general.dtypes.TNumeric.<init>(TNumeric.java:365) ~[general.jar:?]
	at at.lcm.x2c.core.structure.MaskDouble.setValue(MaskDouble.java:96) ~[Core.jar:jenkins-X2C-free-496 r1941 -- 496]
	at at.lcm.x2c.core.structure.MaskParameter.setValue(MaskParameter.java:232) ~[Core.jar:jenkins-X2C-free-496 r1941 -- 496]
	at at.lcm.x2c.parameterEditor.X2cParameterWidgetBlockParam_Double.updateParameter(X2cParameterWidgetBlockParam_Double.java:226) [X2cScilab.jar:jenkins-X2C-free-496 r1941 -- 496]
	at at.lcm.x2c.parameterEditor.X2cParameterWidgetBlockParam_Double.updateForceStatus(X2cParameterWidgetBlockParam_Double.java:186) [X2cScilab.jar:jenkins-X2C-free-496 r1941 -- 496]
	at at.lcm.x2c.parameterEditor.X2cParameterWidgetBlockParam_Double.updateForceStatus(X2cParameterWidgetBlockParam_Double.java:174) [X2cScilab.jar:jenkins-X2C-free-496 r1941 -- 496]
	at at.lcm.x2c.parameterEditor.X2cParameterWidgetBlockParam_Double.<init>(X2cParameterWidgetBlockParam_Double.java:163) [X2cScilab.jar:jenkins-X2C-free-496 r1941 -- 496]
	at at.lcm.x2c.parameterEditor.X2cParameterEditorGUI.fillGUIFields_BlockParameter(X2cParameterEditorGUI.java:603) [X2cScilab.jar:jenkins-X2C-free-496 r1941 -- 496]
	at at.lcm.x2c.parameterEditor.X2cParameterEditorGUI.fillGUIFields(X2cParameterEditorGUI.java:586) [X2cScilab.jar:jenkins-X2C-free-496 r1941 -- 496]
	at at.lcm.x2c.parameterEditor.X2cParameterEditorGUI.setParameterEditor(X2cParameterEditorGUI.java:256) [X2cScilab.jar:jenkins-X2C-free-496 r1941 -- 496]
	at at.lcm.x2c.parameterEditor.X2cParameterEditorGUI.getNewInstance(X2cParameterEditorGUI.java:239) [X2cScilab.jar:jenkins-X2C-free-496 r1941 -- 496]
	at at.lcm.x2c.parameterEditor.X2cParameterEditor.runGUI(X2cParameterEditor.java:75) [X2cScilab.jar:jenkins-X2C-free-496 r1941 -- 496]
	at sun.reflect.GeneratedMethodAccessor229.invoke(Unknown Source) ~[?:?]
	at sun.reflect.DelegatingMethodAccessorImpl.invoke(DelegatingMethodAccessorImpl.java:25) ~[?:1.6.0_41]
	at java.lang.reflect.Method.invoke(Method.java:597) ~[?:1.6.0_41]
	at org.scilab.modules.external_objects_java.ScilabJavaMethod.call(Unknown Source) [org.scilab.modules.external_objects_java.jar:20150331 1152]
	at org.scilab.modules.external_objects_java.ScilabJavaMethod.invoke(Unknown Source) [org.scilab.modules.external_objects_java.jar:20150331 1152]
	at org.scilab.modules.external_objects_java.ScilabJavaObject.invoke(Unknown Source) [org.scilab.modules.external_objects_java.jar:20150331 1152]

2020-07-24 22:25:13,432 44637954 WARN                            at.lcm.x2c.core.environment.X2cEnvironment_Scilab 203 evaluateExpression - expression is not a valid: >speed2elAngle<
2020-07-24 22:25:13,432 44637954 ERROR      THROWING[ EXCEPTION ] at.lcm.x2c.core.environment.X2cEnvironment_Scilab 204 evaluateExpression - throwing at.lcm.x2c.core.environment.X2cEnvironmentException: expression is not a valid: >speed2elAngle<
	at at.lcm.x2c.core.environment.X2cEnvironment_Scilab.evaluateExpression(X2cEnvironment_Scilab.java:202) [X2cScilab.jar:jenkins-X2C-free-496 r1941 -- 496]
	at at.lcm.x2c.core.X2cBlockParameterSimple.eval(X2cBlockParameterSimple.java:169) [X2cScilab.jar:jenkins-X2C-free-496 r1941 -- 496]
	at at.lcm.x2c.parameterEditor.X2cParameterWidgetBlockParam_Double.updateParameter(X2cParameterWidgetBlockParam_Double.java:209) [X2cScilab.jar:jenkins-X2C-free-496 r1941 -- 496]
	at at.lcm.x2c.parameterEditor.X2cParameterWidgetBlockParam_Double.<init>(X2cParameterWidgetBlockParam_Double.java:164) [X2cScilab.jar:jenkins-X2C-free-496 r1941 -- 496]
	at at.lcm.x2c.parameterEditor.X2cParameterEditorGUI.fillGUIFields_BlockParameter(X2cParameterEditorGUI.java:603) [X2cScilab.jar:jenkins-X2C-free-496 r1941 -- 496]
	at at.lcm.x2c.parameterEditor.X2cParameterEditorGUI.fillGUIFields(X2cParameterEditorGUI.java:586) [X2cScilab.jar:jenkins-X2C-free-496 r1941 -- 496]
	at at.lcm.x2c.parameterEditor.X2cParameterEditorGUI.setParameterEditor(X2cParameterEditorGUI.java:256) [X2cScilab.jar:jenkins-X2C-free-496 r1941 -- 496]
	at at.lcm.x2c.parameterEditor.X2cParameterEditorGUI.getNewInstance(X2cParameterEditorGUI.java:239) [X2cScilab.jar:jenkins-X2C-free-496 r1941 -- 496]
	at at.lcm.x2c.parameterEditor.X2cParameterEditor.runGUI(X2cParameterEditor.java:75) [X2cScilab.jar:jenkins-X2C-free-496 r1941 -- 496]
	at sun.reflect.GeneratedMethodAccessor229.invoke(Unknown Source) ~[?:?]
	at sun.reflect.DelegatingMethodAccessorImpl.invoke(DelegatingMethodAccessorImpl.java:25) ~[?:1.6.0_41]
	at java.lang.reflect.Method.invoke(Method.java:597) ~[?:1.6.0_41]
	at org.scilab.modules.external_objects_java.ScilabJavaMethod.call(Unknown Source) [org.scilab.modules.external_objects_java.jar:20150331 1152]
	at org.scilab.modules.external_objects_java.ScilabJavaMethod.invoke(Unknown Source) [org.scilab.modules.external_objects_java.jar:20150331 1152]
	at org.scilab.modules.external_objects_java.ScilabJavaObject.invoke(Unknown Source) [org.scilab.modules.external_objects_java.jar:20150331 1152]

2020-07-24 22:25:13,448 44637970 ERROR      CATCHING[ EXCEPTION ] at.lcm.x2c.parameterEditor.X2cParameterWidgetBlockParam_Double 229 updateParameter - catching java.lang.NullPointerException
	at at.lcm.bu21.general.dtypes.TNumeric.fromString(TNumeric.java:378) ~[general.jar:?]
	at at.lcm.bu21.general.dtypes.TNumeric.<init>(TNumeric.java:365) ~[general.jar:?]
	at at.lcm.x2c.core.structure.MaskDouble.setValue(MaskDouble.java:96) ~[Core.jar:jenkins-X2C-free-496 r1941 -- 496]
	at at.lcm.x2c.core.structure.MaskParameter.setValue(MaskParameter.java:232) ~[Core.jar:jenkins-X2C-free-496 r1941 -- 496]
	at at.lcm.x2c.parameterEditor.X2cParameterWidgetBlockParam_Double.updateParameter(X2cParameterWidgetBlockParam_Double.java:226) [X2cScilab.jar:jenkins-X2C-free-496 r1941 -- 496]
	at at.lcm.x2c.parameterEditor.X2cParameterWidgetBlockParam_Double.<init>(X2cParameterWidgetBlockParam_Double.java:164) [X2cScilab.jar:jenkins-X2C-free-496 r1941 -- 496]
	at at.lcm.x2c.parameterEditor.X2cParameterEditorGUI.fillGUIFields_BlockParameter(X2cParameterEditorGUI.java:603) [X2cScilab.jar:jenkins-X2C-free-496 r1941 -- 496]
	at at.lcm.x2c.parameterEditor.X2cParameterEditorGUI.fillGUIFields(X2cParameterEditorGUI.java:586) [X2cScilab.jar:jenkins-X2C-free-496 r1941 -- 496]
	at at.lcm.x2c.parameterEditor.X2cParameterEditorGUI.setParameterEditor(X2cParameterEditorGUI.java:256) [X2cScilab.jar:jenkins-X2C-free-496 r1941 -- 496]
	at at.lcm.x2c.parameterEditor.X2cParameterEditorGUI.getNewInstance(X2cParameterEditorGUI.java:239) [X2cScilab.jar:jenkins-X2C-free-496 r1941 -- 496]
	at at.lcm.x2c.parameterEditor.X2cParameterEditor.runGUI(X2cParameterEditor.java:75) [X2cScilab.jar:jenkins-X2C-free-496 r1941 -- 496]
	at sun.reflect.GeneratedMethodAccessor229.invoke(Unknown Source) ~[?:?]
	at sun.reflect.DelegatingMethodAccessorImpl.invoke(DelegatingMethodAccessorImpl.java:25) ~[?:1.6.0_41]
	at java.lang.reflect.Method.invoke(Method.java:597) ~[?:1.6.0_41]
	at org.scilab.modules.external_objects_java.ScilabJavaMethod.call(Unknown Source) [org.scilab.modules.external_objects_java.jar:20150331 1152]
	at org.scilab.modules.external_objects_java.ScilabJavaMethod.invoke(Unknown Source) [org.scilab.modules.external_objects_java.jar:20150331 1152]
	at org.scilab.modules.external_objects_java.ScilabJavaObject.invoke(Unknown Source) [org.scilab.modules.external_objects_java.jar:20150331 1152]

2020-07-24 22:25:15,437 44639959 WARN                            at.lcm.x2c.parameterEditor.X2cParameterEditorGUI$7 512 actionPerformed - Change in model, communicator and target are not reseted! Only the change in the Xcos model/diagram is cancelled
2020-07-24 22:25:18,128 44642650 WARN                            at.lcm.x2c.scilab.xcos.x2cManager.X2cManager 352 getBlockWithDummyModel - sampletimePreset not set: using default: 0.0010  %% AngleSweep (ManualSwitch)
2020-07-24 22:25:18,182 44642704 ERROR                           at.lcm.x2c.parameterEditor.X2cParameterEditorGUI 798 updateBlock_blockLabel - block label is null or empty; change is ignored
2020-07-24 22:25:28,507 44653029 WARN                            at.lcm.x2c.parameterEditor.X2cParameterEditorGUI$7 512 actionPerformed - Change in model, communicator and target are not reseted! Only the change in the Xcos model/diagram is cancelled
